Wheeler Portable Batch System Prologue
Job Id: 1736491.wheeler-sn.alliance.unm.edu
Username: jtran989
Job 1736491.wheeler-sn.alliance.unm.edu running on nodes:
wheeler087 wheeler082 

prologue running on host: wheeler087
Agent pid 12435
Identity added: /users/jtran989/.ssh/true_id_rsa (/users/jtran989/.ssh/true_id_rsa)

normal: repart_relax
current matrix: Trefethen_700
current program: repart_relax

bottleneck dir: optimal/
total num processes: 16
num nodes: 2
num processes per node: 8
Agent pid 610
Identity added: /users/jtran989/.ssh/true_id_rsa (/users/jtran989/.ssh/true_id_rsa)
Jacobi Time : 4.743099e-03
Relative Residual 9.525555e-06

Hybrid Jacobi Time : 4.821062e-03
Relative Residual 5.671828e-17

Repartition Time : 4.190087e-02

Repartitioned Jacobi Time : 5.674839e-03
Relative Residual 1.186933e-05

Repartitioned Hybrid Jacobi Time : 5.639315e-03
Relative Residual 4.574490e-06
Wheeler Portable Batch System Epilogue
