Wheeler Portable Batch System Prologue
Job Id: 1734167.wheeler-sn.alliance.unm.edu
Username: jtran989
Job 1734167.wheeler-sn.alliance.unm.edu running on nodes:
wheeler095 

prologue running on host: wheeler095
Agent pid 28861
Identity added: /users/jtran989/.ssh/true_id_rsa (/users/jtran989/.ssh/true_id_rsa)

trace: repart_relax
current program: repart_relax

bottleneck dir: optimal/
total num processes: 1
num nodes: 1
num processes per node: 8
Jacobi Time : 8.530617e-04
Relative Residual 4.829842e+01

Hybrid Jacobi Time : 1.255989e-03
Relative Residual 1.618062e-02

Repartition Time : 1.415851e-01

Repartitioned Jacobi Time : 4.901886e-04
Relative Residual 4.829842e+01

Repartitioned Hybrid Jacobi Time : 9.660721e-04
Relative Residual 1.618062e-02
Wheeler Portable Batch System Epilogue
