Wheeler Portable Batch System Prologue
Job Id: 1734103.wheeler-sn.alliance.unm.edu
Username: jtran989
Job 1734103.wheeler-sn.alliance.unm.edu running on nodes:
wheeler289 

prologue running on host: wheeler289
Agent pid 3378
Identity added: /users/jtran989/.ssh/true_id_rsa (/users/jtran989/.ssh/true_id_rsa)

normal: repart_relax
current program: repart_relax

bottleneck dir: optimal/
total num processes: 4
num nodes: 1
num processes per node: 8
Jacobi Time : 5.793571e-05
Relative Residual 6.147491e-04

Hybrid Jacobi Time : 7.557869e-05
Relative Residual 1.015921e-06

Repartition Time : 8.352518e-03

Repartitioned Jacobi Time : 6.461143e-05
Relative Residual 5.869796e-04

Repartitioned Hybrid Jacobi Time : 7.295609e-05
Relative Residual 4.552337e-05
Wheeler Portable Batch System Epilogue
