Wheeler Portable Batch System Prologue
Job Id: 1734135.wheeler-sn.alliance.unm.edu
Username: jtran989
Job 1734135.wheeler-sn.alliance.unm.edu running on nodes:
wheeler122 wheeler118 

prologue running on host: wheeler122
Agent pid 5701
Identity added: /users/jtran989/.ssh/true_id_rsa (/users/jtran989/.ssh/true_id_rsa)

profile: repart_relax
current program: repart_relax

bottleneck dir: optimal/
total num processes: 16
num nodes: 2
num processes per node: 8
Agent pid 26029
Identity added: /users/jtran989/.ssh/true_id_rsa (/users/jtran989/.ssh/true_id_rsa)
Jacobi Time : 4.913807e-04
Relative Residual 4.104510e+01

Hybrid Jacobi Time : 4.811287e-04
Relative Residual 6.622806e-02

Repartition Time : 3.935719e-02

Repartitioned Jacobi Time : 5.896091e-04
Relative Residual 4.840965e+01

Repartitioned Hybrid Jacobi Time : 6.003380e-04
Relative Residual 5.731729e-02
Wheeler Portable Batch System Epilogue
