Wheeler Portable Batch System Prologue
Job Id: 1734160.wheeler-sn.alliance.unm.edu
Username: jtran989
Job 1734160.wheeler-sn.alliance.unm.edu running on nodes:
wheeler289 wheeler283 wheeler249 wheeler138 

prologue running on host: wheeler289
Agent pid 5445
Identity added: /users/jtran989/.ssh/true_id_rsa (/users/jtran989/.ssh/true_id_rsa)

trace: repart_relax
current program: repart_relax

bottleneck dir: optimal/
total num processes: 32
num nodes: 4
num processes per node: 8
Agent pid 5266
Agent pid 28990
Agent pid 11167
Identity added: /users/jtran989/.ssh/true_id_rsa (/users/jtran989/.ssh/true_id_rsa)
Identity added: /users/jtran989/.ssh/true_id_rsa (/users/jtran989/.ssh/true_id_rsa)
Identity added: /users/jtran989/.ssh/true_id_rsa (/users/jtran989/.ssh/true_id_rsa)
Jacobi Time : 7.517338e-04
Relative Residual 6.029191e+02

Hybrid Jacobi Time : 7.007122e-04
Relative Residual 1.803014e+00

Repartition Time : 8.872747e-02

Repartitioned Jacobi Time : 9.849072e-04
Relative Residual 5.943372e+02

Repartitioned Hybrid Jacobi Time : 1.000166e-03
Relative Residual 1.922035e+00
Wheeler Portable Batch System Epilogue
