Wheeler Portable Batch System Prologue
Job Id: 1736452.wheeler-sn.alliance.unm.edu
Username: jtran989
Job 1736452.wheeler-sn.alliance.unm.edu running on nodes:
wheeler236 

prologue running on host: wheeler236
Agent pid 19342
Identity added: /users/jtran989/.ssh/true_id_rsa (/users/jtran989/.ssh/true_id_rsa)

profile: repart_relax
current matrix: gr_30_30
current program: repart_relax

bottleneck dir: optimal/
total num processes: 8
num nodes: 1
num processes per node: 8
Jacobi Time : 2.384186e-04
Relative Residual 1.090049e-02

Hybrid Jacobi Time : 2.603531e-04
Relative Residual 6.133225e-03

Repartition Time : 7.250071e-03

Repartitioned Jacobi Time : 4.911423e-04
Relative Residual 1.059794e-02

Repartitioned Hybrid Jacobi Time : 4.613400e-04
Relative Residual 5.386074e-03
Wheeler Portable Batch System Epilogue
