Wheeler Portable Batch System Prologue
Job Id: 1736532.wheeler-sn.alliance.unm.edu
Username: jtran989
Job 1736532.wheeler-sn.alliance.unm.edu running on nodes:
wheeler087 

prologue running on host: wheeler087
Agent pid 13507
Identity added: /users/jtran989/.ssh/true_id_rsa (/users/jtran989/.ssh/true_id_rsa)

trace: repart_relax
current matrix: ex3
current program: repart_relax

bottleneck dir: optimal/
total num processes: 8
num nodes: 1
num processes per node: 8
Jacobi Time : 7.839203e-04
Relative Residual 3.047255e+19

Hybrid Jacobi Time : 1.116753e-03
Relative Residual 1.311545e-02

Repartition Time : 2.476454e-02

Repartitioned Jacobi Time : 1.144648e-03
Relative Residual 3.705745e+19

Repartitioned Hybrid Jacobi Time : 1.501799e-03
Relative Residual 3.587508e+03
Wheeler Portable Batch System Epilogue
