Wheeler Portable Batch System Prologue
Job Id: 1734152.wheeler-sn.alliance.unm.edu
Username: jtran989
Job 1734152.wheeler-sn.alliance.unm.edu running on nodes:
wheeler096 

prologue running on host: wheeler096
Agent pid 17963
Identity added: /users/jtran989/.ssh/true_id_rsa (/users/jtran989/.ssh/true_id_rsa)

trace: repart_relax
current program: repart_relax

bottleneck dir: optimal/
total num processes: 8
num nodes: 1
num processes per node: 8
Jacobi Time : 8.726120e-05
Relative Residual 1.906734e+00

Hybrid Jacobi Time : 8.368492e-05
Relative Residual 8.510927e-02

Repartition Time : 1.334953e-02

Repartitioned Jacobi Time : 1.208782e-04
Relative Residual 1.838460e+00

Repartitioned Hybrid Jacobi Time : 1.392365e-04
Relative Residual 5.567186e-02
Wheeler Portable Batch System Epilogue
