Wheeler Portable Batch System Prologue
Job Id: 1736454.wheeler-sn.alliance.unm.edu
Username: jtran989
Job 1736454.wheeler-sn.alliance.unm.edu running on nodes:
wheeler081 wheeler080 wheeler078 wheeler077 

prologue running on host: wheeler081
Agent pid 27893
Identity added: /users/jtran989/.ssh/true_id_rsa (/users/jtran989/.ssh/true_id_rsa)

profile: repart_relax
current matrix: gr_30_30
current program: repart_relax

bottleneck dir: optimal/
total num processes: 32
num nodes: 4
num processes per node: 8
Agent pid 21190
Agent pid 23280
Identity added: /users/jtran989/.ssh/true_id_rsa (/users/jtran989/.ssh/true_id_rsa)
Identity added: /users/jtran989/.ssh/true_id_rsa (/users/jtran989/.ssh/true_id_rsa)
Agent pid 28863
Identity added: /users/jtran989/.ssh/true_id_rsa (/users/jtran989/.ssh/true_id_rsa)
Jacobi Time : 2.866268e-03
Relative Residual 8.666735e-03

Hybrid Jacobi Time : 2.800226e-03
Relative Residual 7.282290e-03

Repartition Time : 3.718472e-02

Repartitioned Jacobi Time : 6.253481e-03
Relative Residual 8.571434e-03

Repartitioned Hybrid Jacobi Time : 6.284475e-03
Relative Residual 6.351881e-03
Wheeler Portable Batch System Epilogue
