Wheeler Portable Batch System Prologue
Job Id: 1736411.wheeler-sn.alliance.unm.edu
Username: jtran989
Job 1736411.wheeler-sn.alliance.unm.edu running on nodes:
wheeler246 

prologue running on host: wheeler246
Agent pid 4842
Identity added: /users/jtran989/.ssh/true_id_rsa (/users/jtran989/.ssh/true_id_rsa)

profile: repart_relax
current matrix: gr_30_30
current program: repart_relax

bottleneck dir: optimal/
total num processes: 1
num nodes: 1
num processes per node: 8
Jacobi Time : 1.724005e-02
Relative Residual 4.418173e-06

Hybrid Jacobi Time : 2.663350e-02
Relative Residual 5.654380e-16

Repartition Time : 1.407933e-02

Repartitioned Jacobi Time : 1.326418e-02
Relative Residual 4.418173e-06

Repartitioned Hybrid Jacobi Time : 2.665830e-02
Relative Residual 5.614865e-16
Wheeler Portable Batch System Epilogue
