Wheeler Portable Batch System Prologue
Job Id: 1736465.wheeler-sn.alliance.unm.edu
Username: jtran989
Job 1736465.wheeler-sn.alliance.unm.edu running on nodes:
wheeler233 

prologue running on host: wheeler233
Agent pid 25666
Identity added: /users/jtran989/.ssh/true_id_rsa (/users/jtran989/.ssh/true_id_rsa)

normal: repart_relax
current matrix: bcsstm07
current program: repart_relax

bottleneck dir: optimal/
total num processes: 8
num nodes: 1
num processes per node: 8
Jacobi Time : 1.609325e-04
Relative Residual 8.977961e+03

Hybrid Jacobi Time : 2.551079e-04
Relative Residual 4.077139e-04

Repartition Time : 1.212740e-02

Repartitioned Jacobi Time : 1.566410e-04
Relative Residual 1.159355e+04

Repartitioned Hybrid Jacobi Time : 2.207756e-04
Relative Residual 4.905555e-04
Wheeler Portable Batch System Epilogue
