Wheeler Portable Batch System Prologue
Job Id: 1734113.wheeler-sn.alliance.unm.edu
Username: jtran989
Job 1734113.wheeler-sn.alliance.unm.edu running on nodes:
wheeler016 

prologue running on host: wheeler016
Agent pid 19718
Identity added: /users/jtran989/.ssh/true_id_rsa (/users/jtran989/.ssh/true_id_rsa)

profile: repart_relax
current program: repart_relax

bottleneck dir: optimal/
total num processes: 1
num nodes: 1
num processes per node: 8
Jacobi Time : 1.406670e-04
Relative Residual 1.708046e+00

Hybrid Jacobi Time : 1.792908e-04
Relative Residual 4.727351e-02

Repartition Time : 1.493406e-02

Repartitioned Jacobi Time : 6.461143e-05
Relative Residual 1.708046e+00

Repartitioned Hybrid Jacobi Time : 1.313686e-04
Relative Residual 4.727351e-02
Wheeler Portable Batch System Epilogue
