Wheeler Portable Batch System Prologue
Job Id: 1717810.wheeler-sn.alliance.unm.edu
Username: jtran989
Job 1717810.wheeler-sn.alliance.unm.edu running on nodes:
wheeler153 

prologue running on host: wheeler153
Agent pid 18321
Identity added: /users/jtran989/.ssh/true_id_rsa (/users/jtran989/.ssh/true_id_rsa)

normal: relaxation
current program: relaxation

bottleneck dir: communication/
total num processes: 1
num nodes: 1
num processes per node: 1
Jacobi Time : 1.625776e-03
Relative Residual 1.000000e+00

Hybrid Jacobi Time : 2.994967e-02
Relative Residual 5.771953e-16
Wheeler Portable Batch System Epilogue
wheeler153: grep: vmorley: No such file or directory
