Wheeler Portable Batch System Prologue
Job Id: 1736406.wheeler-sn.alliance.unm.edu
Username: jtran989
Job 1736406.wheeler-sn.alliance.unm.edu running on nodes:
wheeler245 

prologue running on host: wheeler245
Agent pid 20306
Identity added: /users/jtran989/.ssh/true_id_rsa (/users/jtran989/.ssh/true_id_rsa)

normal: repart_relax
current matrix: gr_30_30
current program: repart_relax

bottleneck dir: optimal/
total num processes: 2
num nodes: 1
num processes per node: 8
Jacobi Time : 1.076818e-02
Relative Residual 4.430884e-06

Hybrid Jacobi Time : 1.485348e-02
Relative Residual 2.235242e-14

Repartition Time : 6.911039e-03

Repartitioned Jacobi Time : 7.623196e-03
Relative Residual 4.432427e-06

Repartitioned Hybrid Jacobi Time : 1.454544e-02
Relative Residual 2.350365e-14
Wheeler Portable Batch System Epilogue
