Wheeler Portable Batch System Prologue
Job Id: 1734139.wheeler-sn.alliance.unm.edu
Username: jtran989
Job 1734139.wheeler-sn.alliance.unm.edu running on nodes:
wheeler039 

prologue running on host: wheeler039
Agent pid 4733
Identity added: /users/jtran989/.ssh/true_id_rsa (/users/jtran989/.ssh/true_id_rsa)

profile: repart_relax
current program: repart_relax

bottleneck dir: optimal/
total num processes: 4
num nodes: 1
num processes per node: 8
Jacobi Time : 8.320808e-05
Relative Residual 5.364282e-04

Hybrid Jacobi Time : 9.751320e-05
Relative Residual 1.253423e-06

Repartition Time : 1.367521e-02

Repartitioned Jacobi Time : 7.510185e-05
Relative Residual 6.441073e-04

Repartitioned Hybrid Jacobi Time : 9.179115e-05
Relative Residual 5.756975e-05
Wheeler Portable Batch System Epilogue
