Wheeler Portable Batch System Prologue
Job Id: 1736390.wheeler-sn.alliance.unm.edu
Username: jtran989
Job 1736390.wheeler-sn.alliance.unm.edu running on nodes:
wheeler234 wheeler233 

prologue running on host: wheeler234
Agent pid 2348
Identity added: /users/jtran989/.ssh/true_id_rsa (/users/jtran989/.ssh/true_id_rsa)

normal: repart_relax
current program: repart_relax

bottleneck dir: optimal/
total num processes: 16
num nodes: 2
num processes per node: 8
Agent pid 21834
Identity added: /users/jtran989/.ssh/true_id_rsa (/users/jtran989/.ssh/true_id_rsa)
Jacobi Time : 2.093554e-03
Relative Residual 1.284059e-02

Hybrid Jacobi Time : 2.005100e-03
Relative Residual 8.243238e-03

Repartition Time : 2.211452e-02

Repartitioned Jacobi Time : 2.470016e-03
Relative Residual 1.261695e-02

Repartitioned Hybrid Jacobi Time : 2.545595e-03
Relative Residual 7.025524e-03
Wheeler Portable Batch System Epilogue
