Wheeler Portable Batch System Prologue
Job Id: 1736509.wheeler-sn.alliance.unm.edu
Username: jtran989
Job 1736509.wheeler-sn.alliance.unm.edu running on nodes:
wheeler224 wheeler223 

prologue running on host: wheeler224
Agent pid 7361
Identity added: /users/jtran989/.ssh/true_id_rsa (/users/jtran989/.ssh/true_id_rsa)

profile: repart_relax
current matrix: Journals
current program: repart_relax

bottleneck dir: optimal/
total num processes: 16
num nodes: 2
num processes per node: 8
Agent pid 1690
Identity added: /users/jtran989/.ssh/true_id_rsa (/users/jtran989/.ssh/true_id_rsa)
Jacobi Time : 8.807421e-03
Relative Residual 8.636393e+17

Hybrid Jacobi Time : 8.792877e-03
Relative Residual 7.869569e+11

Repartition Time : 2.684736e-02

Repartitioned Jacobi Time : 8.689880e-03
Relative Residual 9.595900e+17

Repartitioned Hybrid Jacobi Time : 8.839130e-03
Relative Residual 7.465776e+12
Wheeler Portable Batch System Epilogue
