Wheeler Portable Batch System Prologue
Job Id: 1736511.wheeler-sn.alliance.unm.edu
Username: jtran989
Job 1736511.wheeler-sn.alliance.unm.edu running on nodes:
wheeler082 

prologue running on host: wheeler082
Agent pid 1012
Identity added: /users/jtran989/.ssh/true_id_rsa (/users/jtran989/.ssh/true_id_rsa)

profile: repart_relax
current matrix: nasa2146
current program: repart_relax

bottleneck dir: optimal/
total num processes: 1
num nodes: 1
num processes per node: 8
Jacobi Time : 3.646135e-03
Relative Residual 8.602061e+14

Hybrid Jacobi Time : 6.883621e-03
Relative Residual 3.806656e-03

Repartition Time : 8.940554e-02

Repartitioned Jacobi Time : 2.899170e-03
Relative Residual 8.602061e+14

Repartitioned Hybrid Jacobi Time : 5.737305e-03
Relative Residual 3.806656e-03
Wheeler Portable Batch System Epilogue
