Wheeler Portable Batch System Prologue
Job Id: 1736400.wheeler-sn.alliance.unm.edu
Username: jtran989
Job 1736400.wheeler-sn.alliance.unm.edu running on nodes:
wheeler072 

prologue running on host: wheeler072
Agent pid 22689
Identity added: /users/jtran989/.ssh/true_id_rsa (/users/jtran989/.ssh/true_id_rsa)

trace: repart_relax
current program: repart_relax

bottleneck dir: optimal/
total num processes: 4
num nodes: 1
num processes per node: 8
Jacobi Time : 6.532669e-04
Relative Residual 1.192185e-02

Hybrid Jacobi Time : 7.312298e-04
Relative Residual 5.684169e-03

Repartition Time : 9.025812e-03

Repartitioned Jacobi Time : 5.960464e-04
Relative Residual 1.244392e-02

Repartitioned Hybrid Jacobi Time : 7.026196e-04
Relative Residual 5.421430e-03
Wheeler Portable Batch System Epilogue
