Wheeler Portable Batch System Prologue
Job Id: 1734161.wheeler-sn.alliance.unm.edu
Username: jtran989
Job 1734161.wheeler-sn.alliance.unm.edu running on nodes:
wheeler016 

prologue running on host: wheeler016
Agent pid 21029
Identity added: /users/jtran989/.ssh/true_id_rsa (/users/jtran989/.ssh/true_id_rsa)

trace: repart_relax
current program: repart_relax

bottleneck dir: optimal/
total num processes: 1
num nodes: 1
num processes per node: 8
Jacobi Time : 1.296997e-04
Relative Residual 9.706347e+02

Hybrid Jacobi Time : 2.009869e-04
Relative Residual 9.199850e-02

Repartition Time : 4.668880e-02

Repartitioned Jacobi Time : 7.057190e-05
Relative Residual 9.706347e+02

Repartitioned Hybrid Jacobi Time : 1.456738e-04
Relative Residual 9.199850e-02
Wheeler Portable Batch System Epilogue
