Wheeler Portable Batch System Prologue
Job Id: 1736414.wheeler-sn.alliance.unm.edu
Username: jtran989
Job 1736414.wheeler-sn.alliance.unm.edu running on nodes:
wheeler236 

prologue running on host: wheeler236
Agent pid 17127
Identity added: /users/jtran989/.ssh/true_id_rsa (/users/jtran989/.ssh/true_id_rsa)

profile: repart_relax
current matrix: gr_30_30
current program: repart_relax

bottleneck dir: optimal/
total num processes: 8
num nodes: 1
num processes per node: 8
Jacobi Time : 1.000166e-02
Relative Residual 4.122699e-06

Hybrid Jacobi Time : 8.501291e-03
Relative Residual 2.694457e-11

Repartition Time : 7.209539e-03

Repartitioned Jacobi Time : 1.146841e-02
Relative Residual 4.111520e-06

Repartitioned Hybrid Jacobi Time : 1.267791e-02
Relative Residual 1.738634e-12
Wheeler Portable Batch System Epilogue
