Wheeler Portable Batch System Prologue
Job Id: 1734153.wheeler-sn.alliance.unm.edu
Username: jtran989
Job 1734153.wheeler-sn.alliance.unm.edu running on nodes:
wheeler095 wheeler071 

prologue running on host: wheeler095
Agent pid 28167
Identity added: /users/jtran989/.ssh/true_id_rsa (/users/jtran989/.ssh/true_id_rsa)

trace: repart_relax
current program: repart_relax

bottleneck dir: optimal/
total num processes: 16
num nodes: 2
num processes per node: 8
Agent pid 16293
Identity added: /users/jtran989/.ssh/true_id_rsa (/users/jtran989/.ssh/true_id_rsa)
Jacobi Time : 5.681515e-04
Relative Residual 1.851779e+00

Hybrid Jacobi Time : 5.075932e-04
Relative Residual 1.221747e-01

Repartition Time : 2.757692e-02

Repartitioned Jacobi Time : 7.355213e-04
Relative Residual 1.849850e+00

Repartitioned Hybrid Jacobi Time : 7.388592e-04
Relative Residual 5.371899e-02
Wheeler Portable Batch System Epilogue
