Wheeler Portable Batch System Prologue
Job Id: 1736551.wheeler-sn.alliance.unm.edu
Username: jtran989
Job 1736551.wheeler-sn.alliance.unm.edu running on nodes:
wheeler223 wheeler141 

prologue running on host: wheeler223
Agent pid 2832
Identity added: /users/jtran989/.ssh/true_id_rsa (/users/jtran989/.ssh/true_id_rsa)

trace: repart_relax
current matrix: Trefethen_700
current program: repart_relax

bottleneck dir: optimal/
total num processes: 16
num nodes: 2
num processes per node: 8
Agent pid 28438
Identity added: /users/jtran989/.ssh/true_id_rsa (/users/jtran989/.ssh/true_id_rsa)
Jacobi Time : 6.579876e-03
Relative Residual 1.104230e-05

Hybrid Jacobi Time : 6.252527e-03
Relative Residual 5.111232e-17

Repartition Time : 4.559565e-02

Repartitioned Jacobi Time : 7.606983e-03
Relative Residual 1.171610e-05

Repartitioned Hybrid Jacobi Time : 7.561684e-03
Relative Residual 4.671514e-06
Wheeler Portable Batch System Epilogue
