Wheeler Portable Batch System Prologue
Job Id: 1736527.wheeler-sn.alliance.unm.edu
Username: jtran989
Job 1736527.wheeler-sn.alliance.unm.edu running on nodes:
wheeler238 wheeler236 

prologue running on host: wheeler238
Agent pid 2047
Identity added: /users/jtran989/.ssh/true_id_rsa (/users/jtran989/.ssh/true_id_rsa)

trace: repart_relax
current matrix: bcsstm07
current program: repart_relax

bottleneck dir: optimal/
total num processes: 16
num nodes: 2
num processes per node: 8
Agent pid 21949
Identity added: /users/jtran989/.ssh/true_id_rsa (/users/jtran989/.ssh/true_id_rsa)
Jacobi Time : 2.952099e-03
Relative Residual 1.096086e+04

Hybrid Jacobi Time : 2.997160e-03
Relative Residual 1.020860e-03

Repartition Time : 2.623582e-02

Repartitioned Jacobi Time : 3.431797e-03
Relative Residual 8.112583e+03

Repartitioned Hybrid Jacobi Time : 3.422022e-03
Relative Residual 5.002853e-04
Wheeler Portable Batch System Epilogue
