Wheeler Portable Batch System Prologue
Job Id: 1734078.wheeler-sn.alliance.unm.edu
Username: jtran989
Job 1734078.wheeler-sn.alliance.unm.edu running on nodes:
wheeler071 

prologue running on host: wheeler071
Agent pid 13374
Identity added: /users/jtran989/.ssh/true_id_rsa (/users/jtran989/.ssh/true_id_rsa)

normal: repart_relax
current program: repart_relax

bottleneck dir: optimal/
total num processes: 2
num nodes: 1
num processes per node: 8
Jacobi Time : 5.125999e-05
Relative Residual 2.108207e+00

Hybrid Jacobi Time : 7.700920e-05
Relative Residual 4.106691e-02

Repartition Time : 7.986760e-02

Repartitioned Jacobi Time : 4.291534e-05
Relative Residual 2.108207e+00

Repartitioned Hybrid Jacobi Time : 7.247925e-05
Relative Residual 4.106691e-02
Wheeler Portable Batch System Epilogue
