Wheeler Portable Batch System Prologue
Job Id: 1717820.wheeler-sn.alliance.unm.edu
Username: jtran989
Job 1717820.wheeler-sn.alliance.unm.edu running on nodes:
wheeler137 wheeler007 

prologue running on host: wheeler137
Agent pid 22838
Identity added: /users/jtran989/.ssh/true_id_rsa (/users/jtran989/.ssh/true_id_rsa)

profile: relaxation
current program: relaxation

bottleneck dir: optimal/
total num processes: 16
num nodes: 2
num processes per node: 8
Agent pid 4232
Identity added: /users/jtran989/.ssh/true_id_rsa (/users/jtran989/.ssh/true_id_rsa)
Jacobi Time : 7.779336e-02
Relative Residual 1.000000e+00

Hybrid Jacobi Time : 7.925677e-02
Relative Residual 5.217823e-09
Wheeler Portable Batch System Epilogue
