Wheeler Portable Batch System Prologue
Job Id: 1736453.wheeler-sn.alliance.unm.edu
Username: jtran989
Job 1736453.wheeler-sn.alliance.unm.edu running on nodes:
wheeler224 wheeler223 

prologue running on host: wheeler224
Agent pid 5647
Identity added: /users/jtran989/.ssh/true_id_rsa (/users/jtran989/.ssh/true_id_rsa)

profile: repart_relax
current matrix: gr_30_30
current program: repart_relax

bottleneck dir: optimal/
total num processes: 16
num nodes: 2
num processes per node: 8
Agent pid 32333
Identity added: /users/jtran989/.ssh/true_id_rsa (/users/jtran989/.ssh/true_id_rsa)
Jacobi Time : 2.122641e-03
Relative Residual 1.106111e-02

Hybrid Jacobi Time : 2.056122e-03
Relative Residual 7.207615e-03

Repartition Time : 2.322173e-02

Repartitioned Jacobi Time : 2.707243e-03
Relative Residual 1.101083e-02

Repartitioned Hybrid Jacobi Time : 2.613306e-03
Relative Residual 5.895363e-03
Wheeler Portable Batch System Epilogue
