Wheeler Portable Batch System Prologue
Job Id: 1734116.wheeler-sn.alliance.unm.edu
Username: jtran989
Job 1734116.wheeler-sn.alliance.unm.edu running on nodes:
wheeler249 

prologue running on host: wheeler249
Agent pid 9153
Identity added: /users/jtran989/.ssh/true_id_rsa (/users/jtran989/.ssh/true_id_rsa)

profile: repart_relax
current program: repart_relax

bottleneck dir: optimal/
total num processes: 8
num nodes: 1
num processes per node: 8
Jacobi Time : 8.749962e-05
Relative Residual 2.077083e+00

Hybrid Jacobi Time : 7.152557e-05
Relative Residual 8.682391e-02

Repartition Time : 1.539826e-02

Repartitioned Jacobi Time : 6.556511e-05
Relative Residual 1.474384e+00

Repartitioned Hybrid Jacobi Time : 6.961823e-05
Relative Residual 4.897949e-02
Wheeler Portable Batch System Epilogue
