Wheeler Portable Batch System Prologue
Job Id: 1736416.wheeler-sn.alliance.unm.edu
Username: jtran989
Job 1736416.wheeler-sn.alliance.unm.edu running on nodes:
wheeler081 wheeler080 wheeler078 wheeler077 

prologue running on host: wheeler081
Agent pid 25953
Identity added: /users/jtran989/.ssh/true_id_rsa (/users/jtran989/.ssh/true_id_rsa)

profile: repart_relax
current matrix: gr_30_30
current program: repart_relax

bottleneck dir: optimal/
total num processes: 32
num nodes: 4
num processes per node: 8
Agent pid 21092
Agent pid 18946
Identity added: /users/jtran989/.ssh/true_id_rsa (/users/jtran989/.ssh/true_id_rsa)
Agent pid 26981
Identity added: /users/jtran989/.ssh/true_id_rsa (/users/jtran989/.ssh/true_id_rsa)
Identity added: /users/jtran989/.ssh/true_id_rsa (/users/jtran989/.ssh/true_id_rsa)
Jacobi Time : 8.267069e-02
Relative Residual 4.455536e-06

Hybrid Jacobi Time : 8.196926e-02
Relative Residual 4.744661e-07

Repartition Time : 3.744936e-02

Repartitioned Jacobi Time : 2.046230e-01
Relative Residual 4.479190e-06

Repartitioned Hybrid Jacobi Time : 2.042081e-01
Relative Residual 6.882439e-08
Wheeler Portable Batch System Epilogue
