Wheeler Portable Batch System Prologue
Job Id: 1734119.wheeler-sn.alliance.unm.edu
Username: jtran989
Job 1734119.wheeler-sn.alliance.unm.edu running on nodes:
wheeler116 

prologue running on host: wheeler116
Agent pid 14855
Identity added: /users/jtran989/.ssh/true_id_rsa (/users/jtran989/.ssh/true_id_rsa)

profile: repart_relax
current program: repart_relax

bottleneck dir: optimal/
total num processes: 1
num nodes: 1
num processes per node: 8
Jacobi Time : 6.511211e-04
Relative Residual 4.166785e+02

Hybrid Jacobi Time : 1.043558e-03
Relative Residual 1.578547e-02

Repartition Time : 8.029342e-02

Repartitioned Jacobi Time : 4.034042e-04
Relative Residual 4.166785e+02

Repartitioned Hybrid Jacobi Time : 7.839203e-04
Relative Residual 1.578547e-02
Wheeler Portable Batch System Epilogue
