Wheeler Portable Batch System Prologue
Job Id: 1736392.wheeler-sn.alliance.unm.edu
Username: jtran989
Job 1736392.wheeler-sn.alliance.unm.edu running on nodes:
wheeler246 

prologue running on host: wheeler246
Agent pid 3130
Identity added: /users/jtran989/.ssh/true_id_rsa (/users/jtran989/.ssh/true_id_rsa)

profile: repart_relax
current program: repart_relax

bottleneck dir: optimal/
total num processes: 1
num nodes: 1
num processes per node: 8
Jacobi Time : 5.810261e-04
Relative Residual 1.087073e-02

Hybrid Jacobi Time : 1.089334e-03
Relative Residual 3.916484e-03

Repartition Time : 1.670957e-02

Repartitioned Jacobi Time : 4.050732e-04
Relative Residual 1.087073e-02

Repartitioned Hybrid Jacobi Time : 8.111000e-04
Relative Residual 3.916484e-03
Wheeler Portable Batch System Epilogue
