Wheeler Portable Batch System Prologue
Job Id: 1734100.wheeler-sn.alliance.unm.edu
Username: jtran989
Job 1734100.wheeler-sn.alliance.unm.edu running on nodes:
wheeler029 wheeler026 wheeler023 wheeler018 

prologue running on host: wheeler029
Agent pid 626
Identity added: /users/jtran989/.ssh/true_id_rsa (/users/jtran989/.ssh/true_id_rsa)

normal: repart_relax
current program: repart_relax

bottleneck dir: optimal/
total num processes: 32
num nodes: 4
num processes per node: 8
Agent pid 10974
Identity added: /users/jtran989/.ssh/true_id_rsa (/users/jtran989/.ssh/true_id_rsa)
Agent pid 9290
Identity added: /users/jtran989/.ssh/true_id_rsa (/users/jtran989/.ssh/true_id_rsa)
Agent pid 859
Identity added: /users/jtran989/.ssh/true_id_rsa (/users/jtran989/.ssh/true_id_rsa)
Jacobi Time : 5.619526e-04
Relative Residual 4.581473e+01

Hybrid Jacobi Time : 4.978180e-04
Relative Residual 4.627588e-01

Repartition Time : 6.791091e-02

Repartitioned Jacobi Time : 7.319450e-04
Relative Residual 3.431043e+01

Repartitioned Hybrid Jacobi Time : 7.162094e-04
Relative Residual 1.089164e-01
Wheeler Portable Batch System Epilogue
