Wheeler Portable Batch System Prologue
Job Id: 1734149.wheeler-sn.alliance.unm.edu
Username: jtran989
Job 1734149.wheeler-sn.alliance.unm.edu running on nodes:
wheeler116 

prologue running on host: wheeler116
Agent pid 15996
Identity added: /users/jtran989/.ssh/true_id_rsa (/users/jtran989/.ssh/true_id_rsa)

trace: repart_relax
current program: repart_relax

bottleneck dir: optimal/
total num processes: 1
num nodes: 1
num processes per node: 8
Jacobi Time : 1.456738e-04
Relative Residual 2.274966e+00

Hybrid Jacobi Time : 1.914501e-04
Relative Residual 5.610028e-02

Repartition Time : 1.954484e-02

Repartitioned Jacobi Time : 7.295609e-05
Relative Residual 2.274966e+00

Repartitioned Hybrid Jacobi Time : 1.313686e-04
Relative Residual 5.610028e-02
Wheeler Portable Batch System Epilogue
