Wheeler Portable Batch System Prologue
Job Id: 1736536.wheeler-sn.alliance.unm.edu
Username: jtran989
Job 1736536.wheeler-sn.alliance.unm.edu running on nodes:
wheeler075 

prologue running on host: wheeler075
Agent pid 29546
Identity added: /users/jtran989/.ssh/true_id_rsa (/users/jtran989/.ssh/true_id_rsa)

trace: repart_relax
current matrix: Journals
current program: repart_relax

bottleneck dir: optimal/
total num processes: 2
num nodes: 1
num processes per node: 8
Jacobi Time : 4.661083e-04
Relative Residual 1.248943e+18

Hybrid Jacobi Time : 6.885529e-04
Relative Residual 5.127898e-05

Repartition Time : 1.972556e-02

Repartitioned Jacobi Time : 4.653931e-04
Relative Residual 1.213029e+18

Repartitioned Hybrid Jacobi Time : 6.959438e-04
Relative Residual 1.951310e-04
Wheeler Portable Batch System Epilogue
