Wheeler Portable Batch System Prologue
Job Id: 1736530.wheeler-sn.alliance.unm.edu
Username: jtran989
Job 1736530.wheeler-sn.alliance.unm.edu running on nodes:
wheeler141 

prologue running on host: wheeler141
Agent pid 27960
Identity added: /users/jtran989/.ssh/true_id_rsa (/users/jtran989/.ssh/true_id_rsa)

trace: repart_relax
current matrix: ex3
current program: repart_relax

bottleneck dir: optimal/
total num processes: 2
num nodes: 1
num processes per node: 8
Jacobi Time : 1.887083e-03
Relative Residual 5.007555e+19

Hybrid Jacobi Time : 3.076077e-03
Relative Residual 3.516924e-03

Repartition Time : 7.894921e-02

Repartitioned Jacobi Time : 2.004385e-03
Relative Residual 5.540973e+19

Repartitioned Hybrid Jacobi Time : 3.639936e-03
Relative Residual 3.555640e-03
Wheeler Portable Batch System Epilogue
