Wheeler Portable Batch System Prologue
Job Id: 1736462.wheeler-sn.alliance.unm.edu
Username: jtran989
Job 1736462.wheeler-sn.alliance.unm.edu running on nodes:
wheeler238 

prologue running on host: wheeler238
Agent pid 400
Identity added: /users/jtran989/.ssh/true_id_rsa (/users/jtran989/.ssh/true_id_rsa)

normal: repart_relax
current matrix: bcsstm07
current program: repart_relax

bottleneck dir: optimal/
total num processes: 1
num nodes: 1
num processes per node: 8
Jacobi Time : 4.532337e-04
Relative Residual 9.297632e+03

Hybrid Jacobi Time : 7.669926e-04
Relative Residual 4.535594e-04

Repartition Time : 2.703428e-03

Repartitioned Jacobi Time : 4.913807e-04
Relative Residual 9.297632e+03

Repartitioned Hybrid Jacobi Time : 9.527206e-04
Relative Residual 4.535594e-04
Wheeler Portable Batch System Epilogue
