Wheeler Portable Batch System Prologue
Job Id: 1734173.wheeler-sn.alliance.unm.edu
Username: jtran989
Job 1734173.wheeler-sn.alliance.unm.edu running on nodes:
wheeler028 

prologue running on host: wheeler028
Agent pid 27682
Identity added: /users/jtran989/.ssh/true_id_rsa (/users/jtran989/.ssh/true_id_rsa)

trace: repart_relax
current program: repart_relax

bottleneck dir: optimal/
total num processes: 1
num nodes: 1
num processes per node: 8
Jacobi Time : 1.614094e-04
Relative Residual 3.815681e-04

Hybrid Jacobi Time : 2.374649e-04
Relative Residual 8.356063e-07

Repartition Time : 4.202700e-02

Repartitioned Jacobi Time : 9.846687e-05
Relative Residual 3.815681e-04

Repartitioned Hybrid Jacobi Time : 1.926422e-04
Relative Residual 8.356063e-07
Wheeler Portable Batch System Epilogue
