Wheeler Portable Batch System Prologue
Job Id: 1736494.wheeler-sn.alliance.unm.edu
Username: jtran989
Job 1736494.wheeler-sn.alliance.unm.edu running on nodes:
wheeler076 

prologue running on host: wheeler076
Agent pid 4092
Identity added: /users/jtran989/.ssh/true_id_rsa (/users/jtran989/.ssh/true_id_rsa)

profile: repart_relax
current matrix: bcsstm07
current program: repart_relax

bottleneck dir: optimal/
total num processes: 2
num nodes: 1
num processes per node: 8
Jacobi Time : 4.441738e-04
Relative Residual 4.974345e+03

Hybrid Jacobi Time : 7.045269e-04
Relative Residual 4.225491e-04

Repartition Time : 9.833097e-03

Repartitioned Jacobi Time : 2.913475e-04
Relative Residual 4.974345e+03

Repartitioned Hybrid Jacobi Time : 4.684925e-04
Relative Residual 4.225491e-04
Wheeler Portable Batch System Epilogue
