Wheeler Portable Batch System Prologue
Job Id: 1736526.wheeler-sn.alliance.unm.edu
Username: jtran989
Job 1736526.wheeler-sn.alliance.unm.edu running on nodes:
wheeler001 

prologue running on host: wheeler001
Agent pid 22454
Identity added: /users/jtran989/.ssh/true_id_rsa (/users/jtran989/.ssh/true_id_rsa)

trace: repart_relax
current matrix: bcsstm07
current program: repart_relax

bottleneck dir: optimal/
total num processes: 8
num nodes: 1
num processes per node: 8
Jacobi Time : 5.784035e-04
Relative Residual 1.130073e+04

Hybrid Jacobi Time : 6.105900e-04
Relative Residual 4.687101e-04

Repartition Time : 1.412678e-02

Repartitioned Jacobi Time : 7.240772e-04
Relative Residual 7.487063e+03

Repartitioned Hybrid Jacobi Time : 7.820129e-04
Relative Residual 4.156951e-04
Wheeler Portable Batch System Epilogue
