Wheeler Portable Batch System Prologue
Job Id: 1736393.wheeler-sn.alliance.unm.edu
Username: jtran989
Job 1736393.wheeler-sn.alliance.unm.edu running on nodes:
wheeler245 

prologue running on host: wheeler245
Agent pid 19110
Identity added: /users/jtran989/.ssh/true_id_rsa (/users/jtran989/.ssh/true_id_rsa)

profile: repart_relax
current program: repart_relax

bottleneck dir: optimal/
total num processes: 2
num nodes: 1
num processes per node: 8
Jacobi Time : 3.952980e-04
Relative Residual 1.149301e-02

Hybrid Jacobi Time : 6.463528e-04
Relative Residual 4.678448e-03

Repartition Time : 1.109719e-02

Repartitioned Jacobi Time : 3.573895e-04
Relative Residual 1.150905e-02

Repartitioned Hybrid Jacobi Time : 6.077290e-04
Relative Residual 4.721087e-03
Wheeler Portable Batch System Epilogue
