Wheeler Portable Batch System Prologue
Job Id: 1734095.wheeler-sn.alliance.unm.edu
Username: jtran989
Job 1734095.wheeler-sn.alliance.unm.edu running on nodes:
wheeler116 

prologue running on host: wheeler116
Agent pid 14106
Identity added: /users/jtran989/.ssh/true_id_rsa (/users/jtran989/.ssh/true_id_rsa)

normal: repart_relax
current program: repart_relax

bottleneck dir: optimal/
total num processes: 1
num nodes: 1
num processes per node: 8
Jacobi Time : 6.427765e-04
Relative Residual 4.756689e+01

Hybrid Jacobi Time : 9.696484e-04
Relative Residual 1.630034e-02

Repartition Time : 2.147198e-02

Repartitioned Jacobi Time : 4.875660e-04
Relative Residual 4.756689e+01

Repartitioned Hybrid Jacobi Time : 9.679794e-04
Relative Residual 1.630034e-02
Wheeler Portable Batch System Epilogue
