Wheeler Portable Batch System Prologue
Job Id: 1734126.wheeler-sn.alliance.unm.edu
Username: jtran989
Job 1734126.wheeler-sn.alliance.unm.edu running on nodes:
wheeler033 

prologue running on host: wheeler033
Agent pid 32743
Identity added: /users/jtran989/.ssh/true_id_rsa (/users/jtran989/.ssh/true_id_rsa)

profile: repart_relax
current program: repart_relax

bottleneck dir: optimal/
total num processes: 2
num nodes: 1
num processes per node: 8
Jacobi Time : 6.389618e-05
Relative Residual 7.978898e+02

Hybrid Jacobi Time : 1.144409e-04
Relative Residual 2.310001e-02

Repartition Time : 3.538346e-02

Repartitioned Jacobi Time : 6.818771e-05
Relative Residual 8.383015e+02

Repartitioned Hybrid Jacobi Time : 9.608269e-05
Relative Residual 5.562967e-02
Wheeler Portable Batch System Epilogue
