Wheeler Portable Batch System Prologue
Job Id: 1734144.wheeler-sn.alliance.unm.edu
Username: jtran989
Job 1734144.wheeler-sn.alliance.unm.edu running on nodes:
wheeler289 

prologue running on host: wheeler289
Agent pid 4960
Identity added: /users/jtran989/.ssh/true_id_rsa (/users/jtran989/.ssh/true_id_rsa)

trace: repart_relax
current program: repart_relax

bottleneck dir: optimal/
total num processes: 2
num nodes: 1
num processes per node: 8
Jacobi Time : 1.213551e-04
Relative Residual 4.494190e-02

Hybrid Jacobi Time : 1.559258e-04
Relative Residual 1.644007e-02

Repartition Time : 1.449776e-02

Repartitioned Jacobi Time : 7.963181e-05
Relative Residual 4.551587e-02

Repartitioned Hybrid Jacobi Time : 1.654625e-04
Relative Residual 1.639707e-02
Wheeler Portable Batch System Epilogue
