Wheeler Portable Batch System Prologue
Job Id: 1710516.wheeler-sn.alliance.unm.edu
Username: jtran989
Job 1710516.wheeler-sn.alliance.unm.edu running on nodes:
wheeler290 wheeler289 wheeler288 wheeler284 

prologue running on host: wheeler290
Agent pid 19039
Identity added: /users/jtran989/.ssh/true_id_rsa (/users/jtran989/.ssh/true_id_rsa)

normal: relaxation
current program: relaxation

bottleneck dir: communication/
total num processes: 32
num nodes: 32
num processes per node: 1
Agent pid 11901
Agent pid 1403
Agent pid 3196
Identity added: /users/jtran989/.ssh/true_id_rsa (/users/jtran989/.ssh/true_id_rsa)
Identity added: /users/jtran989/.ssh/true_id_rsa (/users/jtran989/.ssh/true_id_rsa)
Identity added: /users/jtran989/.ssh/true_id_rsa (/users/jtran989/.ssh/true_id_rsa)
Jacobi Time : 8.748674e-02
Relative Residual 1.000000e+00

Hybrid Jacobi Time : 8.826685e-02
Relative Residual 5.411794e-07
Wheeler Portable Batch System Epilogue
