Wheeler Portable Batch System Prologue
Job Id: 1710539.wheeler-sn.alliance.unm.edu
Username: jtran989
Job 1710539.wheeler-sn.alliance.unm.edu running on nodes:
wheeler290 wheeler289 

prologue running on host: wheeler290
Agent pid 21144
Identity added: /users/jtran989/.ssh/true_id_rsa (/users/jtran989/.ssh/true_id_rsa)

trace: relaxation
current program: relaxation

bottleneck dir: communication/
total num processes: 16
num nodes: 16
num processes per node: 1
Agent pid 3653
Identity added: /users/jtran989/.ssh/true_id_rsa (/users/jtran989/.ssh/true_id_rsa)
Jacobi Time : 9.050155e-02
Relative Residual 1.000000e+00

Hybrid Jacobi Time : 1.711586e-01
Relative Residual 6.146728e-09
Wheeler Portable Batch System Epilogue
