Wheeler Portable Batch System Prologue
Job Id: 1734125.wheeler-sn.alliance.unm.edu
Username: jtran989
Job 1734125.wheeler-sn.alliance.unm.edu running on nodes:
wheeler039 

prologue running on host: wheeler039
Agent pid 4295
Identity added: /users/jtran989/.ssh/true_id_rsa (/users/jtran989/.ssh/true_id_rsa)

profile: repart_relax
current program: repart_relax

bottleneck dir: optimal/
total num processes: 1
num nodes: 1
num processes per node: 8
Jacobi Time : 1.597404e-04
Relative Residual 1.427738e+03

Hybrid Jacobi Time : 2.577305e-04
Relative Residual 1.298696e-01

Repartition Time : 2.091193e-02

Repartitioned Jacobi Time : 7.414818e-05
Relative Residual 1.427738e+03

Repartitioned Hybrid Jacobi Time : 1.461506e-04
Relative Residual 1.298696e-01
Wheeler Portable Batch System Epilogue
