Wheeler Portable Batch System Prologue
Job Id: 1710527.wheeler-sn.alliance.unm.edu
Username: jtran989
Job 1710527.wheeler-sn.alliance.unm.edu running on nodes:
wheeler290 wheeler289 

prologue running on host: wheeler290
Agent pid 19913
Identity added: /users/jtran989/.ssh/true_id_rsa (/users/jtran989/.ssh/true_id_rsa)

profile: relaxation
current program: relaxation

bottleneck dir: communication/
total num processes: 16
num nodes: 16
num processes per node: 1
Agent pid 2323
Identity added: /users/jtran989/.ssh/true_id_rsa (/users/jtran989/.ssh/true_id_rsa)
Jacobi Time : 6.378937e-02
Relative Residual 1.000000e+00

Hybrid Jacobi Time : 6.568837e-02
Relative Residual 5.784391e-09
Wheeler Portable Batch System Epilogue
