Wheeler Portable Batch System Prologue
Job Id: 1736412.wheeler-sn.alliance.unm.edu
Username: jtran989
Job 1736412.wheeler-sn.alliance.unm.edu running on nodes:
wheeler245 

prologue running on host: wheeler245
Agent pid 20702
Identity added: /users/jtran989/.ssh/true_id_rsa (/users/jtran989/.ssh/true_id_rsa)

profile: repart_relax
current matrix: gr_30_30
current program: repart_relax

bottleneck dir: optimal/
total num processes: 2
num nodes: 1
num processes per node: 8
Jacobi Time : 1.131272e-02
Relative Residual 4.472159e-06

Hybrid Jacobi Time : 1.947284e-02
Relative Residual 2.288699e-14

Repartition Time : 1.006651e-02

Repartitioned Jacobi Time : 9.562731e-03
Relative Residual 4.451895e-06

Repartitioned Hybrid Jacobi Time : 1.643467e-02
Relative Residual 2.382503e-14
Wheeler Portable Batch System Epilogue
