Wheeler Portable Batch System Prologue
Job Id: 1734096.wheeler-sn.alliance.unm.edu
Username: jtran989
Job 1734096.wheeler-sn.alliance.unm.edu running on nodes:
wheeler114 

prologue running on host: wheeler114
Agent pid 4487
Identity added: /users/jtran989/.ssh/true_id_rsa (/users/jtran989/.ssh/true_id_rsa)

normal: repart_relax
current program: repart_relax

bottleneck dir: optimal/
total num processes: 2
num nodes: 1
num processes per node: 8
Jacobi Time : 3.154278e-04
Relative Residual 4.191528e+01

Hybrid Jacobi Time : 4.961491e-04
Relative Residual 1.632939e-02

Repartition Time : 1.596951e-02

Repartitioned Jacobi Time : 2.732277e-04
Relative Residual 4.649840e+01

Repartitioned Hybrid Jacobi Time : 5.092621e-04
Relative Residual 1.639211e-02
Wheeler Portable Batch System Epilogue
