Wheeler Portable Batch System Prologue
Job Id: 1710522.wheeler-sn.alliance.unm.edu
Username: jtran989
Job 1710522.wheeler-sn.alliance.unm.edu running on nodes:
wheeler269 wheeler083 wheeler076 wheeler074 

prologue running on host: wheeler269
Agent pid 7713
Identity added: /users/jtran989/.ssh/true_id_rsa (/users/jtran989/.ssh/true_id_rsa)

profile: relaxation
current program: relaxation

bottleneck dir: optimal/
total num processes: 32
num nodes: 4
num processes per node: 8
Agent pid 4521
Identity added: /users/jtran989/.ssh/true_id_rsa (/users/jtran989/.ssh/true_id_rsa)
Agent pid 18641
Identity added: /users/jtran989/.ssh/true_id_rsa (/users/jtran989/.ssh/true_id_rsa)
Agent pid 4427
Identity added: /users/jtran989/.ssh/true_id_rsa (/users/jtran989/.ssh/true_id_rsa)
Jacobi Time : 8.578444e-02
Relative Residual 1.000000e+00

Hybrid Jacobi Time : 8.614326e-02
Relative Residual 5.123767e-07
Wheeler Portable Batch System Epilogue
