Wheeler Portable Batch System Prologue
Job Id: 1736529.wheeler-sn.alliance.unm.edu
Username: jtran989
Job 1736529.wheeler-sn.alliance.unm.edu running on nodes:
wheeler223 

prologue running on host: wheeler223
Agent pid 2380
Identity added: /users/jtran989/.ssh/true_id_rsa (/users/jtran989/.ssh/true_id_rsa)

trace: repart_relax
current matrix: ex3
current program: repart_relax

bottleneck dir: optimal/
total num processes: 1
num nodes: 1
num processes per node: 8
Jacobi Time : 4.258156e-03
Relative Residual 4.466613e+19

Hybrid Jacobi Time : 6.561756e-03
Relative Residual 3.542452e-03

Repartition Time : 1.273475e-01

Repartitioned Jacobi Time : 2.338648e-03
Relative Residual 4.466613e+19

Repartitioned Hybrid Jacobi Time : 4.636049e-03
Relative Residual 3.542452e-03
Wheeler Portable Batch System Epilogue
