Wheeler Portable Batch System Prologue
Job Id: 1736463.wheeler-sn.alliance.unm.edu
Username: jtran989
Job 1736463.wheeler-sn.alliance.unm.edu running on nodes:
wheeler236 

prologue running on host: wheeler236
Agent pid 20540
Identity added: /users/jtran989/.ssh/true_id_rsa (/users/jtran989/.ssh/true_id_rsa)

normal: repart_relax
current matrix: bcsstm07
current program: repart_relax

bottleneck dir: optimal/
total num processes: 2
num nodes: 1
num processes per node: 8
Jacobi Time : 4.775524e-04
Relative Residual 5.329005e+03

Hybrid Jacobi Time : 6.797314e-04
Relative Residual 3.396557e-04

Repartition Time : 3.473282e-03

Repartitioned Jacobi Time : 2.629757e-04
Relative Residual 5.329005e+03

Repartitioned Hybrid Jacobi Time : 4.973412e-04
Relative Residual 3.396557e-04
Wheeler Portable Batch System Epilogue
