Wheeler Portable Batch System Prologue
Job Id: 1734080.wheeler-sn.alliance.unm.edu
Username: jtran989
Job 1734080.wheeler-sn.alliance.unm.edu running on nodes:
wheeler026 

prologue running on host: wheeler026
Agent pid 8494
Identity added: /users/jtran989/.ssh/true_id_rsa (/users/jtran989/.ssh/true_id_rsa)

normal: repart_relax
current program: repart_relax

bottleneck dir: optimal/
total num processes: 8
num nodes: 1
num processes per node: 8
Jacobi Time : 4.458427e-05
Relative Residual 1.792383e+00

Hybrid Jacobi Time : 3.290176e-05
Relative Residual 9.189541e-02

Repartition Time : 2.647519e-02

Repartitioned Jacobi Time : 3.838539e-05
Relative Residual 1.679184e+00

Repartitioned Hybrid Jacobi Time : 5.173683e-05
Relative Residual 5.537871e-02
Wheeler Portable Batch System Epilogue
