Wheeler Portable Batch System Prologue
Job Id: 1717813.wheeler-sn.alliance.unm.edu
Username: jtran989
Job 1717813.wheeler-sn.alliance.unm.edu running on nodes:
wheeler153 wheeler006 

prologue running on host: wheeler153
Agent pid 19366
Identity added: /users/jtran989/.ssh/true_id_rsa (/users/jtran989/.ssh/true_id_rsa)

normal: relaxation
current program: relaxation

bottleneck dir: communication/
total num processes: 8
num nodes: 8
num processes per node: 1
Agent pid 7878
Identity added: /users/jtran989/.ssh/true_id_rsa (/users/jtran989/.ssh/true_id_rsa)
Jacobi Time : 7.956290e-02
Relative Residual 1.000000e+00

Hybrid Jacobi Time : 8.116889e-02
Relative Residual 2.968777e-11
Wheeler Portable Batch System Epilogue
wheeler006: grep: tang: No such file or directory
wheeler153: grep: vmorley: No such file or directory
