Wheeler Portable Batch System Prologue
Job Id: 1736417.wheeler-sn.alliance.unm.edu
Username: jtran989
Job 1736417.wheeler-sn.alliance.unm.edu running on nodes:
wheeler075 

prologue running on host: wheeler075
Agent pid 25140
Identity added: /users/jtran989/.ssh/true_id_rsa (/users/jtran989/.ssh/true_id_rsa)

trace: repart_relax
current matrix: gr_30_30
current program: repart_relax

bottleneck dir: optimal/
total num processes: 1
num nodes: 1
num processes per node: 8
Jacobi Time : 1.795220e-02
Relative Residual 4.458769e-06

Hybrid Jacobi Time : 2.668810e-02
Relative Residual 5.727606e-16

Repartition Time : 2.607322e-02

Repartitioned Jacobi Time : 1.383018e-02
Relative Residual 4.458769e-06

Repartitioned Hybrid Jacobi Time : 2.667189e-02
Relative Residual 5.788720e-16
Wheeler Portable Batch System Epilogue
