Wheeler Portable Batch System Prologue
Job Id: 1736472.wheeler-sn.alliance.unm.edu
Username: jtran989
Job 1736472.wheeler-sn.alliance.unm.edu running on nodes:
wheeler077 wheeler075 

prologue running on host: wheeler077
Agent pid 24218
Identity added: /users/jtran989/.ssh/true_id_rsa (/users/jtran989/.ssh/true_id_rsa)

normal: repart_relax
current matrix: ex3
current program: repart_relax

bottleneck dir: optimal/
total num processes: 16
num nodes: 2
num processes per node: 8
Agent pid 27902
Identity added: /users/jtran989/.ssh/true_id_rsa (/users/jtran989/.ssh/true_id_rsa)
Jacobi Time : 7.402897e-03
Relative Residual 4.435371e+19

Hybrid Jacobi Time : 7.485390e-03
Relative Residual 5.487153e+02

Repartition Time : 1.865547e-01

Repartitioned Jacobi Time : 7.649660e-03
Relative Residual 5.069025e+18

Repartitioned Hybrid Jacobi Time : 7.776499e-03
Relative Residual 6.350654e+05
Wheeler Portable Batch System Epilogue
