Wheeler Portable Batch System Prologue
Job Id: 1736478.wheeler-sn.alliance.unm.edu
Username: jtran989
Job 1736478.wheeler-sn.alliance.unm.edu running on nodes:
wheeler011 wheeler010 

prologue running on host: wheeler011
Agent pid 4154
Identity added: /users/jtran989/.ssh/true_id_rsa (/users/jtran989/.ssh/true_id_rsa)

normal: repart_relax
current matrix: Journals
current program: repart_relax

bottleneck dir: optimal/
total num processes: 16
num nodes: 2
num processes per node: 8
Agent pid 22684
Identity added: /users/jtran989/.ssh/true_id_rsa (/users/jtran989/.ssh/true_id_rsa)
Jacobi Time : 8.412361e-03
Relative Residual 2.197890e+18

Hybrid Jacobi Time : 8.268118e-03
Relative Residual 1.990112e+12

Repartition Time : 2.522969e-02

Repartitioned Jacobi Time : 8.774757e-03
Relative Residual 1.919162e+18

Repartitioned Hybrid Jacobi Time : 8.431435e-03
Relative Residual 1.484752e+13
Wheeler Portable Batch System Epilogue
