Wheeler Portable Batch System Prologue
Job Id: 1734131.wheeler-sn.alliance.unm.edu
Username: jtran989
Job 1734131.wheeler-sn.alliance.unm.edu running on nodes:
wheeler016 

prologue running on host: wheeler016
Agent pid 20156
Identity added: /users/jtran989/.ssh/true_id_rsa (/users/jtran989/.ssh/true_id_rsa)

profile: repart_relax
current program: repart_relax

bottleneck dir: optimal/
total num processes: 1
num nodes: 1
num processes per node: 8
Jacobi Time : 5.915165e-04
Relative Residual 4.806670e+01

Hybrid Jacobi Time : 9.682178e-04
Relative Residual 1.521084e-02

Repartition Time : 8.936620e-02

Repartitioned Jacobi Time : 4.942417e-04
Relative Residual 4.806670e+01

Repartitioned Hybrid Jacobi Time : 9.686947e-04
Relative Residual 1.521084e-02
Wheeler Portable Batch System Epilogue
