Wheeler Portable Batch System Prologue
Job Id: 1736470.wheeler-sn.alliance.unm.edu
Username: jtran989
Job 1736470.wheeler-sn.alliance.unm.edu running on nodes:
wheeler080 

prologue running on host: wheeler080
Agent pid 29796
Identity added: /users/jtran989/.ssh/true_id_rsa (/users/jtran989/.ssh/true_id_rsa)

normal: repart_relax
current matrix: ex3
current program: repart_relax

bottleneck dir: optimal/
total num processes: 4
num nodes: 1
num processes per node: 8
Jacobi Time : 1.363754e-03
Relative Residual 1.285763e+19

Hybrid Jacobi Time : 2.502441e-03
Relative Residual 4.505544e-03

Repartition Time : 9.731054e-03

Repartitioned Jacobi Time : 7.281303e-04
Relative Residual 3.064769e+19

Repartitioned Hybrid Jacobi Time : 1.350880e-03
Relative Residual 5.514596e-03
Wheeler Portable Batch System Epilogue
