Wheeler Portable Batch System Prologue
Job Id: 1734122.wheeler-sn.alliance.unm.edu
Username: jtran989
Job 1734122.wheeler-sn.alliance.unm.edu running on nodes:
wheeler096 

prologue running on host: wheeler096
Agent pid 16627
Identity added: /users/jtran989/.ssh/true_id_rsa (/users/jtran989/.ssh/true_id_rsa)

profile: repart_relax
current program: repart_relax

bottleneck dir: optimal/
total num processes: 8
num nodes: 1
num processes per node: 8
Jacobi Time : 1.013279e-04
Relative Residual 4.881300e+02

Hybrid Jacobi Time : 1.499653e-04
Relative Residual 1.158405e-01

Repartition Time : 1.962161e-02

Repartitioned Jacobi Time : 1.220703e-04
Relative Residual 5.072146e+02

Repartitioned Hybrid Jacobi Time : 1.578331e-04
Relative Residual 5.372328e-01
Wheeler Portable Batch System Epilogue
