Wheeler Portable Batch System Prologue
Job Id: 1736387.wheeler-sn.alliance.unm.edu
Username: jtran989
Job 1736387.wheeler-sn.alliance.unm.edu running on nodes:
wheeler245 

prologue running on host: wheeler245
Agent pid 18711
Identity added: /users/jtran989/.ssh/true_id_rsa (/users/jtran989/.ssh/true_id_rsa)

normal: repart_relax
current program: repart_relax

bottleneck dir: optimal/
total num processes: 2
num nodes: 1
num processes per node: 8
Jacobi Time : 3.895760e-04
Relative Residual 1.034904e-02

Hybrid Jacobi Time : 7.698536e-04
Relative Residual 4.272318e-03

Repartition Time : 4.503965e-03

Repartitioned Jacobi Time : 3.685951e-04
Relative Residual 1.032438e-02

Repartitioned Hybrid Jacobi Time : 6.697178e-04
Relative Residual 4.333340e-03
Wheeler Portable Batch System Epilogue
