Wheeler Portable Batch System Prologue
Job Id: 1734102.wheeler-sn.alliance.unm.edu
Username: jtran989
Job 1734102.wheeler-sn.alliance.unm.edu running on nodes:
wheeler016 

prologue running on host: wheeler016
Agent pid 19320
Identity added: /users/jtran989/.ssh/true_id_rsa (/users/jtran989/.ssh/true_id_rsa)

normal: repart_relax
current program: repart_relax

bottleneck dir: optimal/
total num processes: 2
num nodes: 1
num processes per node: 8
Jacobi Time : 7.891655e-05
Relative Residual 3.988609e-04

Hybrid Jacobi Time : 1.199245e-04
Relative Residual 9.760473e-07

Repartition Time : 5.296469e-03

Repartitioned Jacobi Time : 6.651878e-05
Relative Residual 3.818767e-04

Repartitioned Hybrid Jacobi Time : 1.189709e-04
Relative Residual 1.189267e-06
Wheeler Portable Batch System Epilogue
