Wheeler Portable Batch System Prologue
Job Id: 1734076.wheeler-sn.alliance.unm.edu
Username: jtran989
Job 1734076.wheeler-sn.alliance.unm.edu running on nodes:
wheeler116 wheeler114 wheeler110 wheeler096 

prologue running on host: wheeler116
Agent pid 13267
Identity added: /users/jtran989/.ssh/true_id_rsa (/users/jtran989/.ssh/true_id_rsa)

normal: repart_relax
current program: repart_relax

bottleneck dir: optimal/
total num processes: 32
num nodes: 4
num processes per node: 8
Agent pid 19059
Agent pid 3768
Agent pid 14962
Identity added: /users/jtran989/.ssh/true_id_rsa (/users/jtran989/.ssh/true_id_rsa)
Identity added: /users/jtran989/.ssh/true_id_rsa (/users/jtran989/.ssh/true_id_rsa)
Identity added: /users/jtran989/.ssh/true_id_rsa (/users/jtran989/.ssh/true_id_rsa)
Jacobi Time : 4.413128e-04
Relative Residual 5.895946e-02

Hybrid Jacobi Time : 4.701614e-04
Relative Residual 5.591621e-02

Repartition Time : 3.789616e-02

Repartitioned Jacobi Time : 1.177788e-03
Relative Residual 5.916896e-02

Repartitioned Hybrid Jacobi Time : 1.223326e-03
Relative Residual 4.295806e-02
Wheeler Portable Batch System Epilogue
