Wheeler Portable Batch System Prologue
Job Id: 1736496.wheeler-sn.alliance.unm.edu
Username: jtran989
Job 1736496.wheeler-sn.alliance.unm.edu running on nodes:
wheeler074 

prologue running on host: wheeler074
Agent pid 20980
Identity added: /users/jtran989/.ssh/true_id_rsa (/users/jtran989/.ssh/true_id_rsa)

profile: repart_relax
current matrix: bcsstm07
current program: repart_relax

bottleneck dir: optimal/
total num processes: 8
num nodes: 1
num processes per node: 8
Jacobi Time : 2.515316e-04
Relative Residual 5.908505e+03

Hybrid Jacobi Time : 2.772808e-04
Relative Residual 2.494934e-04

Repartition Time : 1.245785e-02

Repartitioned Jacobi Time : 3.719330e-04
Relative Residual 5.760194e+03

Repartitioned Hybrid Jacobi Time : 3.890991e-04
Relative Residual 2.842046e-04
Wheeler Portable Batch System Epilogue
