Wheeler Portable Batch System Prologue
Job Id: 1734115.wheeler-sn.alliance.unm.edu
Username: jtran989
Job 1734115.wheeler-sn.alliance.unm.edu running on nodes:
wheeler283 

prologue running on host: wheeler283
Agent pid 27268
Identity added: /users/jtran989/.ssh/true_id_rsa (/users/jtran989/.ssh/true_id_rsa)

profile: repart_relax
current program: repart_relax

bottleneck dir: optimal/
total num processes: 4
num nodes: 1
num processes per node: 8
Jacobi Time : 9.083748e-05
Relative Residual 1.564231e+00

Hybrid Jacobi Time : 1.270771e-04
Relative Residual 5.617007e-02

Repartition Time : 9.031534e-03

Repartitioned Jacobi Time : 5.054474e-05
Relative Residual 1.556404e+00

Repartitioned Hybrid Jacobi Time : 6.055832e-05
Relative Residual 4.439341e-02
Wheeler Portable Batch System Epilogue
