Wheeler Portable Batch System Prologue
Job Id: 1736457.wheeler-sn.alliance.unm.edu
Username: jtran989
Job 1736457.wheeler-sn.alliance.unm.edu running on nodes:
wheeler072 

prologue running on host: wheeler072
Agent pid 25828
Identity added: /users/jtran989/.ssh/true_id_rsa (/users/jtran989/.ssh/true_id_rsa)

trace: repart_relax
current matrix: gr_30_30
current program: repart_relax

bottleneck dir: optimal/
total num processes: 4
num nodes: 1
num processes per node: 8
Jacobi Time : 4.861355e-04
Relative Residual 1.061602e-02

Hybrid Jacobi Time : 6.282330e-04
Relative Residual 4.993779e-03

Repartition Time : 7.866621e-03

Repartitioned Jacobi Time : 6.351471e-04
Relative Residual 1.013864e-02

Repartitioned Hybrid Jacobi Time : 6.890297e-04
Relative Residual 4.584965e-03
Wheeler Portable Batch System Epilogue
