Wheeler Portable Batch System Prologue
Job Id: 1736514.wheeler-sn.alliance.unm.edu
Username: jtran989
Job 1736514.wheeler-sn.alliance.unm.edu running on nodes:
wheeler079 

prologue running on host: wheeler079
Agent pid 3497
Identity added: /users/jtran989/.ssh/true_id_rsa (/users/jtran989/.ssh/true_id_rsa)

profile: repart_relax
current matrix: nasa2146
current program: repart_relax

bottleneck dir: optimal/
total num processes: 8
num nodes: 1
num processes per node: 8
Jacobi Time : 5.905628e-04
Relative Residual 4.205329e+14

Hybrid Jacobi Time : 9.732246e-04
Relative Residual 7.926409e-03

Repartition Time : 2.421141e-02

Repartitioned Jacobi Time : 6.623268e-04
Relative Residual 7.655756e+14

Repartitioned Hybrid Jacobi Time : 1.087189e-03
Relative Residual 6.503466e-03
Wheeler Portable Batch System Epilogue
