Wheeler Portable Batch System Prologue
Job Id: 1736469.wheeler-sn.alliance.unm.edu
Username: jtran989
Job 1736469.wheeler-sn.alliance.unm.edu running on nodes:
wheeler081 

prologue running on host: wheeler081
Agent pid 28889
Identity added: /users/jtran989/.ssh/true_id_rsa (/users/jtran989/.ssh/true_id_rsa)

normal: repart_relax
current matrix: ex3
current program: repart_relax

bottleneck dir: optimal/
total num processes: 2
num nodes: 1
num processes per node: 8
Jacobi Time : 1.624346e-03
Relative Residual 5.132235e+19

Hybrid Jacobi Time : 2.953529e-03
Relative Residual 3.103131e-03

Repartition Time : 1.289511e-02

Repartitioned Jacobi Time : 1.247168e-03
Relative Residual 6.749090e+19

Repartitioned Hybrid Jacobi Time : 2.556324e-03
Relative Residual 3.046671e-03
Wheeler Portable Batch System Epilogue
