Wheeler Portable Batch System Prologue
Job Id: 1736519.wheeler-sn.alliance.unm.edu
Username: jtran989
Job 1736519.wheeler-sn.alliance.unm.edu running on nodes:
wheeler013 

prologue running on host: wheeler013
Agent pid 30429
Identity added: /users/jtran989/.ssh/true_id_rsa (/users/jtran989/.ssh/true_id_rsa)

profile: repart_relax
current matrix: Trefethen_700
current program: repart_relax

bottleneck dir: optimal/
total num processes: 4
num nodes: 1
num processes per node: 8
Jacobi Time : 7.297993e-04
Relative Residual 9.230253e-06

Hybrid Jacobi Time : 1.003027e-03
Relative Residual 5.211955e-17

Repartition Time : 1.597452e-02

Repartitioned Jacobi Time : 4.181862e-04
Relative Residual 9.676117e-06

Repartitioned Hybrid Jacobi Time : 5.660057e-04
Relative Residual 3.696858e-08
Wheeler Portable Batch System Epilogue
