Wheeler Portable Batch System Prologue
Job Id: 1736541.wheeler-sn.alliance.unm.edu
Username: jtran989
Job 1736541.wheeler-sn.alliance.unm.edu running on nodes:
wheeler009 

prologue running on host: wheeler009
Agent pid 4826
Identity added: /users/jtran989/.ssh/true_id_rsa (/users/jtran989/.ssh/true_id_rsa)

trace: repart_relax
current matrix: nasa2146
current program: repart_relax

bottleneck dir: optimal/
total num processes: 1
num nodes: 1
num processes per node: 8
Jacobi Time : 3.472805e-03
Relative Residual 8.918016e+14

Hybrid Jacobi Time : 6.644249e-03
Relative Residual 3.971040e-03

Repartition Time : 1.326015e-01

Repartitioned Jacobi Time : 2.884626e-03
Relative Residual 8.918016e+14

Repartitioned Hybrid Jacobi Time : 5.720377e-03
Relative Residual 3.971040e-03
Wheeler Portable Batch System Epilogue
