Wheeler Portable Batch System Prologue
Job Id: 1736401.wheeler-sn.alliance.unm.edu
Username: jtran989
Job 1736401.wheeler-sn.alliance.unm.edu running on nodes:
wheeler016 

prologue running on host: wheeler016
Agent pid 15150
Identity added: /users/jtran989/.ssh/true_id_rsa (/users/jtran989/.ssh/true_id_rsa)

trace: repart_relax
current program: repart_relax

bottleneck dir: optimal/
total num processes: 8
num nodes: 1
num processes per node: 8
Jacobi Time : 6.253719e-04
Relative Residual 1.112100e-02

Hybrid Jacobi Time : 6.728172e-04
Relative Residual 5.969119e-03

Repartition Time : 1.022077e-02

Repartitioned Jacobi Time : 1.039982e-03
Relative Residual 1.125549e-02

Repartitioned Hybrid Jacobi Time : 1.108408e-03
Relative Residual 5.378470e-03
Wheeler Portable Batch System Epilogue
