Wheeler Portable Batch System Prologue
Job Id: 1734176.wheeler-sn.alliance.unm.edu
Username: jtran989
Job 1734176.wheeler-sn.alliance.unm.edu running on nodes:
wheeler022 

prologue running on host: wheeler022
Agent pid 2636
Identity added: /users/jtran989/.ssh/true_id_rsa (/users/jtran989/.ssh/true_id_rsa)

trace: repart_relax
current program: repart_relax

bottleneck dir: optimal/
total num processes: 8
num nodes: 1
num processes per node: 8
Jacobi Time : 2.326965e-04
Relative Residual 5.105159e-04

Hybrid Jacobi Time : 1.945496e-04
Relative Residual 6.807330e-07

Repartition Time : 1.937079e-02

Repartitioned Jacobi Time : 2.171993e-04
Relative Residual 5.419939e-04

Repartitioned Hybrid Jacobi Time : 2.226830e-04
Relative Residual 7.051157e-05
Wheeler Portable Batch System Epilogue
