Wheeler Portable Batch System Prologue
Job Id: 1734150.wheeler-sn.alliance.unm.edu
Username: jtran989
Job 1734150.wheeler-sn.alliance.unm.edu running on nodes:
wheeler114 

prologue running on host: wheeler114
Agent pid 6430
Identity added: /users/jtran989/.ssh/true_id_rsa (/users/jtran989/.ssh/true_id_rsa)

trace: repart_relax
current program: repart_relax

bottleneck dir: optimal/
total num processes: 2
num nodes: 1
num processes per node: 8
Jacobi Time : 9.131432e-05
Relative Residual 1.904058e+00

Hybrid Jacobi Time : 1.082420e-04
Relative Residual 4.373899e-02

Repartition Time : 1.050138e-02

Repartitioned Jacobi Time : 7.915497e-05
Relative Residual 1.904058e+00

Repartitioned Hybrid Jacobi Time : 1.010895e-04
Relative Residual 4.373899e-02
Wheeler Portable Batch System Epilogue
