Wheeler Portable Batch System Prologue
Job Id: 1736477.wheeler-sn.alliance.unm.edu
Username: jtran989
Job 1736477.wheeler-sn.alliance.unm.edu running on nodes:
wheeler012 

prologue running on host: wheeler012
Agent pid 11272
Identity added: /users/jtran989/.ssh/true_id_rsa (/users/jtran989/.ssh/true_id_rsa)

normal: repart_relax
current matrix: Journals
current program: repart_relax

bottleneck dir: optimal/
total num processes: 8
num nodes: 1
num processes per node: 8
Jacobi Time : 3.192425e-04
Relative Residual 1.322297e+18

Hybrid Jacobi Time : 2.884865e-04
Relative Residual 4.292365e+07

Repartition Time : 1.393890e-02

Repartitioned Jacobi Time : 2.911091e-04
Relative Residual 1.064662e+18

Repartitioned Hybrid Jacobi Time : 2.741814e-04
Relative Residual 1.443262e+09
Wheeler Portable Batch System Epilogue
