Wheeler Portable Batch System Prologue
Job Id: 1717827.wheeler-sn.alliance.unm.edu
Username: jtran989
Job 1717827.wheeler-sn.alliance.unm.edu running on nodes:
wheeler153 wheeler137 wheeler007 wheeler006 wheeler001 

prologue running on host: wheeler153
Agent pid 21859
Identity added: /users/jtran989/.ssh/true_id_rsa (/users/jtran989/.ssh/true_id_rsa)

profile: relaxation
current program: relaxation

bottleneck dir: communication/
total num processes: 32
num nodes: 32
num processes per node: 1
Agent pid 10887
Identity added: /users/jtran989/.ssh/true_id_rsa (/users/jtran989/.ssh/true_id_rsa)
Agent pid 4864
Identity added: /users/jtran989/.ssh/true_id_rsa (/users/jtran989/.ssh/true_id_rsa)
Agent pid 5358
Identity added: /users/jtran989/.ssh/true_id_rsa (/users/jtran989/.ssh/true_id_rsa)
Agent pid 23508
Identity added: /users/jtran989/.ssh/true_id_rsa (/users/jtran989/.ssh/true_id_rsa)
Jacobi Time : 8.915901e-02
Relative Residual 1.000000e+00

Hybrid Jacobi Time : 8.881807e-02
Relative Residual 4.668043e-07
Wheeler Portable Batch System Epilogue
wheeler006: grep: tang: No such file or directory
wheeler153: grep: vmorley: No such file or directory
