Wheeler Portable Batch System Prologue
Job Id: 1736544.wheeler-sn.alliance.unm.edu
Username: jtran989
Job 1736544.wheeler-sn.alliance.unm.edu running on nodes:
wheeler006 

prologue running on host: wheeler006
Agent pid 29353
Identity added: /users/jtran989/.ssh/true_id_rsa (/users/jtran989/.ssh/true_id_rsa)

trace: repart_relax
current matrix: nasa2146
current program: repart_relax

bottleneck dir: optimal/
total num processes: 8
num nodes: 1
num processes per node: 8
Jacobi Time : 8.461475e-04
Relative Residual 5.182330e+14

Hybrid Jacobi Time : 1.217604e-03
Relative Residual 8.548596e-03

Repartition Time : 8.236146e-02

Repartitioned Jacobi Time : 1.035929e-03
Relative Residual 6.879422e+14

Repartitioned Hybrid Jacobi Time : 1.463652e-03
Relative Residual 7.129964e-03
Wheeler Portable Batch System Epilogue
