Wheeler Portable Batch System Prologue
Job Id: 1734072.wheeler-sn.alliance.unm.edu
Username: jtran989
Job 1734072.wheeler-sn.alliance.unm.edu running on nodes:
wheeler283 

prologue running on host: wheeler283
Agent pid 25758
Identity added: /users/jtran989/.ssh/true_id_rsa (/users/jtran989/.ssh/true_id_rsa)

normal: repart_relax
current program: repart_relax

bottleneck dir: optimal/
total num processes: 2
num nodes: 1
num processes per node: 8
Jacobi Time : 8.082390e-05
Relative Residual 4.074456e-02

Hybrid Jacobi Time : 1.196861e-04
Relative Residual 1.617896e-02

Repartition Time : 8.431220e-02

Repartitioned Jacobi Time : 4.959106e-05
Relative Residual 4.043464e-02

Repartitioned Hybrid Jacobi Time : 7.700920e-05
Relative Residual 1.619952e-02
Wheeler Portable Batch System Epilogue
