Wheeler Portable Batch System Prologue
Job Id: 1734128.wheeler-sn.alliance.unm.edu
Username: jtran989
Job 1734128.wheeler-sn.alliance.unm.edu running on nodes:
wheeler029 

prologue running on host: wheeler029
Agent pid 1755
Identity added: /users/jtran989/.ssh/true_id_rsa (/users/jtran989/.ssh/true_id_rsa)

profile: repart_relax
current program: repart_relax

bottleneck dir: optimal/
total num processes: 8
num nodes: 1
num processes per node: 8
Jacobi Time : 1.623631e-04
Relative Residual 9.031484e+02

Hybrid Jacobi Time : 1.742840e-04
Relative Residual 1.525821e+01

Repartition Time : 1.969624e-02

Repartitioned Jacobi Time : 1.161098e-04
Relative Residual 9.217802e+02

Repartitioned Hybrid Jacobi Time : 7.748604e-05
Relative Residual 2.874276e+01
Wheeler Portable Batch System Epilogue
