Wheeler Portable Batch System Prologue
Job Id: 1734094.wheeler-sn.alliance.unm.edu
Username: jtran989
Job 1734094.wheeler-sn.alliance.unm.edu running on nodes:
wheeler249 wheeler138 wheeler126 wheeler122 

prologue running on host: wheeler249
Agent pid 8333
Identity added: /users/jtran989/.ssh/true_id_rsa (/users/jtran989/.ssh/true_id_rsa)

normal: repart_relax
current program: repart_relax

bottleneck dir: optimal/
total num processes: 32
num nodes: 4
num processes per node: 8
Agent pid 4338
Agent pid 18560
Agent pid 2512
Identity added: /users/jtran989/.ssh/true_id_rsa (/users/jtran989/.ssh/true_id_rsa)
Identity added: /users/jtran989/.ssh/true_id_rsa (/users/jtran989/.ssh/true_id_rsa)
Identity added: /users/jtran989/.ssh/true_id_rsa (/users/jtran989/.ssh/true_id_rsa)
Jacobi Time : 4.786253e-03
Relative Residual 1.130806e+03

Hybrid Jacobi Time : 4.636765e-03
Relative Residual 3.723791e+02

Repartition Time : 3.576064e-02

Repartitioned Jacobi Time : 4.515171e-03
Relative Residual 1.203639e+03

Repartitioned Hybrid Jacobi Time : 4.312754e-03
Relative Residual 3.526858e+02
Wheeler Portable Batch System Epilogue
