Wheeler Portable Batch System Prologue
Job Id: 1736497.wheeler-sn.alliance.unm.edu
Username: jtran989
Job 1736497.wheeler-sn.alliance.unm.edu running on nodes:
wheeler070 wheeler015 

prologue running on host: wheeler070
Agent pid 10368
Identity added: /users/jtran989/.ssh/true_id_rsa (/users/jtran989/.ssh/true_id_rsa)

profile: repart_relax
current matrix: bcsstm07
current program: repart_relax

bottleneck dir: optimal/
total num processes: 16
num nodes: 2
num processes per node: 8
Agent pid 28376
Identity added: /users/jtran989/.ssh/true_id_rsa (/users/jtran989/.ssh/true_id_rsa)
Jacobi Time : 2.659321e-03
Relative Residual 7.103885e+03

Hybrid Jacobi Time : 2.777100e-03
Relative Residual 6.247757e-04

Repartition Time : 2.621007e-02

Repartitioned Jacobi Time : 2.944708e-03
Relative Residual 5.273875e+03

Repartitioned Hybrid Jacobi Time : 2.991438e-03
Relative Residual 5.763853e-04
Wheeler Portable Batch System Epilogue
