Wheeler Portable Batch System Prologue
Job Id: 1736531.wheeler-sn.alliance.unm.edu
Username: jtran989
Job 1736531.wheeler-sn.alliance.unm.edu running on nodes:
wheeler134 

prologue running on host: wheeler134
Agent pid 23919
Identity added: /users/jtran989/.ssh/true_id_rsa (/users/jtran989/.ssh/true_id_rsa)

trace: repart_relax
current matrix: ex3
current program: repart_relax

bottleneck dir: optimal/
total num processes: 4
num nodes: 1
num processes per node: 8
Jacobi Time : 1.107931e-03
Relative Residual 4.214886e+19

Hybrid Jacobi Time : 1.729250e-03
Relative Residual 7.829426e-03

Repartition Time : 5.241466e-02

Repartitioned Jacobi Time : 1.027346e-03
Relative Residual 4.676488e+18

Repartitioned Hybrid Jacobi Time : 1.648426e-03
Relative Residual 5.090902e-03
Wheeler Portable Batch System Epilogue
