Wheeler Portable Batch System Prologue
Job Id: 1734092.wheeler-sn.alliance.unm.edu
Username: jtran989
Job 1734092.wheeler-sn.alliance.unm.edu running on nodes:
wheeler016 

prologue running on host: wheeler016
Agent pid 18918
Identity added: /users/jtran989/.ssh/true_id_rsa (/users/jtran989/.ssh/true_id_rsa)

normal: repart_relax
current program: repart_relax

bottleneck dir: optimal/
total num processes: 8
num nodes: 1
num processes per node: 8
Jacobi Time : 8.153915e-05
Relative Residual 1.381161e+03

Hybrid Jacobi Time : 7.653236e-05
Relative Residual 2.310056e+01

Repartition Time : 1.401210e-02

Repartitioned Jacobi Time : 5.841255e-05
Relative Residual 1.167086e+03

Repartitioned Hybrid Jacobi Time : 4.601479e-05
Relative Residual 3.610542e+01
Wheeler Portable Batch System Epilogue
