Wheeler Portable Batch System Prologue
Job Id: 1736407.wheeler-sn.alliance.unm.edu
Username: jtran989
Job 1736407.wheeler-sn.alliance.unm.edu running on nodes:
wheeler238 

prologue running on host: wheeler238
Agent pid 29190
Identity added: /users/jtran989/.ssh/true_id_rsa (/users/jtran989/.ssh/true_id_rsa)

normal: repart_relax
current matrix: gr_30_30
current program: repart_relax

bottleneck dir: optimal/
total num processes: 4
num nodes: 1
num processes per node: 8
Jacobi Time : 6.807804e-03
Relative Residual 4.377842e-06

Hybrid Jacobi Time : 9.917498e-03
Relative Residual 4.146645e-13

Repartition Time : 3.191948e-03

Repartitioned Jacobi Time : 6.845951e-03
Relative Residual 4.304888e-06

Repartitioned Hybrid Jacobi Time : 1.103473e-02
Relative Residual 3.065534e-13
Wheeler Portable Batch System Epilogue
