Wheeler Portable Batch System Prologue
Job Id: 1734084.wheeler-sn.alliance.unm.edu
Username: jtran989
Job 1734084.wheeler-sn.alliance.unm.edu running on nodes:
wheeler016 

prologue running on host: wheeler016
Agent pid 18515
Identity added: /users/jtran989/.ssh/true_id_rsa (/users/jtran989/.ssh/true_id_rsa)

normal: repart_relax
current program: repart_relax

bottleneck dir: optimal/
total num processes: 2
num nodes: 1
num processes per node: 8
Jacobi Time : 2.608299e-04
Relative Residual 4.857045e+02

Hybrid Jacobi Time : 4.227161e-04
Relative Residual 5.900072e-02

Repartition Time : 2.262974e-02

Repartitioned Jacobi Time : 2.200603e-04
Relative Residual 4.515235e+02

Repartitioned Hybrid Jacobi Time : 4.196167e-04
Relative Residual 4.311948e-02
Wheeler Portable Batch System Epilogue
