Wheeler Portable Batch System Prologue
Job Id: 1734155.wheeler-sn.alliance.unm.edu
Username: jtran989
Job 1734155.wheeler-sn.alliance.unm.edu running on nodes:
wheeler039 

prologue running on host: wheeler039
Agent pid 5278
Identity added: /users/jtran989/.ssh/true_id_rsa (/users/jtran989/.ssh/true_id_rsa)

trace: repart_relax
current program: repart_relax

bottleneck dir: optimal/
total num processes: 1
num nodes: 1
num processes per node: 8
Jacobi Time : 4.842281e-04
Relative Residual 4.946229e+02

Hybrid Jacobi Time : 7.824898e-04
Relative Residual 1.441382e-02

Repartition Time : 1.349580e-01

Repartitioned Jacobi Time : 3.950596e-04
Relative Residual 4.946229e+02

Repartitioned Hybrid Jacobi Time : 7.750988e-04
Relative Residual 1.441382e-02
Wheeler Portable Batch System Epilogue
