Wheeler Portable Batch System Prologue
Job Id: 1734098.wheeler-sn.alliance.unm.edu
Username: jtran989
Job 1734098.wheeler-sn.alliance.unm.edu running on nodes:
wheeler096 

prologue running on host: wheeler096
Agent pid 15682
Identity added: /users/jtran989/.ssh/true_id_rsa (/users/jtran989/.ssh/true_id_rsa)

normal: repart_relax
current program: repart_relax

bottleneck dir: optimal/
total num processes: 8
num nodes: 1
num processes per node: 8
Jacobi Time : 1.199245e-04
Relative Residual 4.338460e+01

Hybrid Jacobi Time : 1.561642e-04
Relative Residual 2.809264e-02

Repartition Time : 1.144218e-02

Repartitioned Jacobi Time : 9.107590e-05
Relative Residual 4.616732e+01

Repartitioned Hybrid Jacobi Time : 1.683235e-04
Relative Residual 3.652267e-02
Wheeler Portable Batch System Epilogue
