Wheeler Portable Batch System Prologue
Job Id: 1736451.wheeler-sn.alliance.unm.edu
Username: jtran989
Job 1736451.wheeler-sn.alliance.unm.edu running on nodes:
wheeler238 

prologue running on host: wheeler238
Agent pid 31652
Identity added: /users/jtran989/.ssh/true_id_rsa (/users/jtran989/.ssh/true_id_rsa)

profile: repart_relax
current matrix: gr_30_30
current program: repart_relax

bottleneck dir: optimal/
total num processes: 4
num nodes: 1
num processes per node: 8
Jacobi Time : 3.042221e-04
Relative Residual 1.121555e-02

Hybrid Jacobi Time : 4.494190e-04
Relative Residual 5.354555e-03

Repartition Time : 7.220268e-03

Repartitioned Jacobi Time : 3.135204e-04
Relative Residual 1.124227e-02

Repartitioned Hybrid Jacobi Time : 3.685951e-04
Relative Residual 4.825249e-03
Wheeler Portable Batch System Epilogue
