Wheeler Portable Batch System Prologue
Job Id: 1734138.wheeler-sn.alliance.unm.edu
Username: jtran989
Job 1734138.wheeler-sn.alliance.unm.edu running on nodes:
wheeler071 

prologue running on host: wheeler071
Agent pid 15831
Identity added: /users/jtran989/.ssh/true_id_rsa (/users/jtran989/.ssh/true_id_rsa)

profile: repart_relax
current program: repart_relax

bottleneck dir: optimal/
total num processes: 2
num nodes: 1
num processes per node: 8
Jacobi Time : 8.678436e-05
Relative Residual 4.821420e-04

Hybrid Jacobi Time : 1.316071e-04
Relative Residual 9.920745e-07

Repartition Time : 1.422215e-02

Repartitioned Jacobi Time : 7.843971e-05
Relative Residual 4.532385e-04

Repartitioned Hybrid Jacobi Time : 1.282692e-04
Relative Residual 1.493059e-06
Wheeler Portable Batch System Epilogue
