Wheeler Portable Batch System Prologue
Job Id: 1734172.wheeler-sn.alliance.unm.edu
Username: jtran989
Job 1734172.wheeler-sn.alliance.unm.edu running on nodes:
wheeler039 wheeler033 wheeler032 wheeler029 

prologue running on host: wheeler039
Agent pid 5722
Identity added: /users/jtran989/.ssh/true_id_rsa (/users/jtran989/.ssh/true_id_rsa)

trace: repart_relax
current program: repart_relax

bottleneck dir: optimal/
total num processes: 32
num nodes: 4
num processes per node: 8
Agent pid 3804
Identity added: /users/jtran989/.ssh/true_id_rsa (/users/jtran989/.ssh/true_id_rsa)
Agent pid 2001
Identity added: /users/jtran989/.ssh/true_id_rsa (/users/jtran989/.ssh/true_id_rsa)
Agent pid 4138
Identity added: /users/jtran989/.ssh/true_id_rsa (/users/jtran989/.ssh/true_id_rsa)
Jacobi Time : 6.630421e-04
Relative Residual 3.973849e+01

Hybrid Jacobi Time : 6.353855e-04
Relative Residual 5.053331e-01

Repartition Time : 7.568216e-02

Repartitioned Jacobi Time : 1.063824e-03
Relative Residual 4.432525e+01

Repartitioned Hybrid Jacobi Time : 8.904934e-04
Relative Residual 1.386456e-01
Wheeler Portable Batch System Epilogue
