Wheeler Portable Batch System Prologue
Job Id: 1717821.wheeler-sn.alliance.unm.edu
Username: jtran989
Job 1717821.wheeler-sn.alliance.unm.edu running on nodes:
wheeler137 wheeler124 wheeler060 wheeler059 

prologue running on host: wheeler137
Agent pid 24571
Identity added: /users/jtran989/.ssh/true_id_rsa (/users/jtran989/.ssh/true_id_rsa)

profile: relaxation
current program: relaxation

bottleneck dir: optimal/
total num processes: 32
num nodes: 4
num processes per node: 8
Agent pid 14056
Identity added: /users/jtran989/.ssh/true_id_rsa (/users/jtran989/.ssh/true_id_rsa)
Agent pid 15910
Agent pid 15820
Identity added: /users/jtran989/.ssh/true_id_rsa (/users/jtran989/.ssh/true_id_rsa)
Identity added: /users/jtran989/.ssh/true_id_rsa (/users/jtran989/.ssh/true_id_rsa)
Jacobi Time : 8.768272e-02
Relative Residual 1.000000e+00

Hybrid Jacobi Time : 8.759499e-02
Relative Residual 5.134298e-07
Wheeler Portable Batch System Epilogue
