Wheeler Portable Batch System Prologue
Job Id: 1717836.wheeler-sn.alliance.unm.edu
Username: jtran989
Job 1717836.wheeler-sn.alliance.unm.edu running on nodes:
wheeler006 

prologue running on host: wheeler006
Agent pid 9597
Identity added: /users/jtran989/.ssh/true_id_rsa (/users/jtran989/.ssh/true_id_rsa)

trace: relaxation
current program: relaxation

bottleneck dir: communication/
total num processes: 4
num nodes: 4
num processes per node: 1
Jacobi Time : 1.236796e-02
Relative Residual 1.000000e+00

Hybrid Jacobi Time : 3.652620e-02
Relative Residual 4.331798e-13
Wheeler Portable Batch System Epilogue
wheeler006: grep: tang: No such file or directory
