Wheeler Portable Batch System Prologue
Job Id: 1736484.wheeler-sn.alliance.unm.edu
Username: jtran989
Job 1736484.wheeler-sn.alliance.unm.edu running on nodes:
wheeler238 wheeler236 

prologue running on host: wheeler238
Agent pid 843
Identity added: /users/jtran989/.ssh/true_id_rsa (/users/jtran989/.ssh/true_id_rsa)

normal: repart_relax
current matrix: nasa2146
current program: repart_relax

bottleneck dir: optimal/
total num processes: 16
num nodes: 2
num processes per node: 8
Agent pid 20939
Identity added: /users/jtran989/.ssh/true_id_rsa (/users/jtran989/.ssh/true_id_rsa)
Jacobi Time : 2.602577e-03
Relative Residual 9.396536e+14

Hybrid Jacobi Time : 2.670765e-03
Relative Residual 1.213361e-02

Repartition Time : 3.006744e-02

Repartitioned Jacobi Time : 3.029346e-03
Relative Residual 8.586158e+14

Repartitioned Hybrid Jacobi Time : 3.014803e-03
Relative Residual 8.779175e-03
Wheeler Portable Batch System Epilogue
