Wheeler Portable Batch System Prologue
Job Id: 1734086.wheeler-sn.alliance.unm.edu
Username: jtran989
Job 1734086.wheeler-sn.alliance.unm.edu running on nodes:
wheeler122 

prologue running on host: wheeler122
Agent pid 3952
Identity added: /users/jtran989/.ssh/true_id_rsa (/users/jtran989/.ssh/true_id_rsa)

normal: repart_relax
current program: repart_relax

bottleneck dir: optimal/
total num processes: 8
num nodes: 1
num processes per node: 8
Jacobi Time : 1.018047e-04
Relative Residual 4.303045e+02

Hybrid Jacobi Time : 1.316071e-04
Relative Residual 1.311954e-01

Repartition Time : 1.019692e-02

Repartitioned Jacobi Time : 9.131432e-05
Relative Residual 4.751684e+02

Repartitioned Hybrid Jacobi Time : 1.335144e-04
Relative Residual 3.121865e-01
Wheeler Portable Batch System Epilogue
