Wheeler Portable Batch System Prologue
Job Id: 1736475.wheeler-sn.alliance.unm.edu
Username: jtran989
Job 1736475.wheeler-sn.alliance.unm.edu running on nodes:
wheeler014 

prologue running on host: wheeler014
Agent pid 18627
Identity added: /users/jtran989/.ssh/true_id_rsa (/users/jtran989/.ssh/true_id_rsa)

normal: repart_relax
current matrix: Journals
current program: repart_relax

bottleneck dir: optimal/
total num processes: 2
num nodes: 1
num processes per node: 8
Jacobi Time : 3.755093e-04
Relative Residual 1.110290e+18

Hybrid Jacobi Time : 7.107258e-04
Relative Residual 4.472080e-05

Repartition Time : 6.514311e-03

Repartitioned Jacobi Time : 2.763271e-04
Relative Residual 1.090732e+18

Repartitioned Hybrid Jacobi Time : 5.090237e-04
Relative Residual 1.661616e-04
Wheeler Portable Batch System Epilogue
