Wheeler Portable Batch System Prologue
Job Id: 1736515.wheeler-sn.alliance.unm.edu
Username: jtran989
Job 1736515.wheeler-sn.alliance.unm.edu running on nodes:
wheeler078 wheeler077 

prologue running on host: wheeler078
Agent pid 22907
Identity added: /users/jtran989/.ssh/true_id_rsa (/users/jtran989/.ssh/true_id_rsa)

profile: repart_relax
current matrix: nasa2146
current program: repart_relax

bottleneck dir: optimal/
total num processes: 16
num nodes: 2
num processes per node: 8
Agent pid 25067
Identity added: /users/jtran989/.ssh/true_id_rsa (/users/jtran989/.ssh/true_id_rsa)
Jacobi Time : 2.440691e-03
Relative Residual 7.860539e+14

Hybrid Jacobi Time : 2.762079e-03
Relative Residual 1.043397e-02

Repartition Time : 3.809142e-02

Repartitioned Jacobi Time : 3.089905e-03
Relative Residual 1.445270e+15

Repartitioned Hybrid Jacobi Time : 3.438473e-03
Relative Residual 7.036703e-03
Wheeler Portable Batch System Epilogue
