Wheeler Portable Batch System Prologue
Job Id: 1710526.wheeler-sn.alliance.unm.edu
Username: jtran989
Job 1710526.wheeler-sn.alliance.unm.edu running on nodes:
wheeler006 wheeler001 

prologue running on host: wheeler006
Agent pid 24618
Identity added: /users/jtran989/.ssh/true_id_rsa (/users/jtran989/.ssh/true_id_rsa)

profile: relaxation
current program: relaxation

bottleneck dir: communication/
total num processes: 8
num nodes: 8
num processes per node: 1
Agent pid 10310
Identity added: /users/jtran989/.ssh/true_id_rsa (/users/jtran989/.ssh/true_id_rsa)
Jacobi Time : 7.074451e-02
Relative Residual 1.000000e+00

Hybrid Jacobi Time : 7.697916e-02
Relative Residual 2.660022e-11
Wheeler Portable Batch System Epilogue
wheeler006: grep: jtran989: No such file or directory
wheeler006: grep: tang: No such file or directory
