Wheeler Portable Batch System Prologue
Job Id: 1736503.wheeler-sn.alliance.unm.edu
Username: jtran989
Job 1736503.wheeler-sn.alliance.unm.edu running on nodes:
wheeler006 wheeler005 

prologue running on host: wheeler006
Agent pid 28011
Identity added: /users/jtran989/.ssh/true_id_rsa (/users/jtran989/.ssh/true_id_rsa)

profile: repart_relax
current matrix: ex3
current program: repart_relax

bottleneck dir: optimal/
total num processes: 16
num nodes: 2
num processes per node: 8
Agent pid 14907
Identity added: /users/jtran989/.ssh/true_id_rsa (/users/jtran989/.ssh/true_id_rsa)
Jacobi Time : 2.825022e-03
Relative Residual 2.921595e+19

Hybrid Jacobi Time : 3.004789e-03
Relative Residual 2.003829e+02

Repartition Time : 4.124784e-02

Repartitioned Jacobi Time : 2.748489e-03
Relative Residual 2.852041e+19

Repartitioned Hybrid Jacobi Time : 2.904654e-03
Relative Residual 1.319883e+06
Wheeler Portable Batch System Epilogue
