Wheeler Portable Batch System Prologue
Job Id: 1734085.wheeler-sn.alliance.unm.edu
Username: jtran989
Job 1734085.wheeler-sn.alliance.unm.edu running on nodes:
wheeler126 

prologue running on host: wheeler126
Agent pid 18173
Identity added: /users/jtran989/.ssh/true_id_rsa (/users/jtran989/.ssh/true_id_rsa)

normal: repart_relax
current program: repart_relax

bottleneck dir: optimal/
total num processes: 4
num nodes: 1
num processes per node: 8
Jacobi Time : 1.544952e-04
Relative Residual 4.652416e+02

Hybrid Jacobi Time : 2.303123e-04
Relative Residual 6.821798e-02

Repartition Time : 8.724451e-03

Repartitioned Jacobi Time : 1.232624e-04
Relative Residual 3.588062e+02

Repartitioned Hybrid Jacobi Time : 2.241135e-04
Relative Residual 5.734988e-02
Wheeler Portable Batch System Epilogue
