Wheeler Portable Batch System Prologue
Job Id: 1736443.wheeler-sn.alliance.unm.edu
Username: jtran989
Job 1736443.wheeler-sn.alliance.unm.edu running on nodes:
wheeler246 

prologue running on host: wheeler246
Agent pid 6567
Identity added: /users/jtran989/.ssh/true_id_rsa (/users/jtran989/.ssh/true_id_rsa)

normal: repart_relax
current matrix: gr_30_30
current program: repart_relax

bottleneck dir: optimal/
total num processes: 1
num nodes: 1
num processes per node: 8
Jacobi Time : 5.819798e-04
Relative Residual 1.101735e-02

Hybrid Jacobi Time : 1.094341e-03
Relative Residual 4.057358e-03

Repartition Time : 4.127979e-03

Repartitioned Jacobi Time : 6.191730e-04
Relative Residual 1.101735e-02

Repartitioned Hybrid Jacobi Time : 1.230001e-03
Relative Residual 4.057358e-03
Wheeler Portable Batch System Epilogue
