Wheeler Portable Batch System Prologue
Job Id: 1717839.wheeler-sn.alliance.unm.edu
Username: jtran989
Job 1717839.wheeler-sn.alliance.unm.edu running on nodes:
wheeler058 wheeler057 wheeler056 wheeler043 

prologue running on host: wheeler058
Agent pid 21671
Identity added: /users/jtran989/.ssh/true_id_rsa (/users/jtran989/.ssh/true_id_rsa)

trace: relaxation
current program: relaxation

bottleneck dir: communication/
total num processes: 32
num nodes: 32
num processes per node: 1
Agent pid 4558
Agent pid 30041
Agent pid 7822
Identity added: /users/jtran989/.ssh/true_id_rsa (/users/jtran989/.ssh/true_id_rsa)
Identity added: /users/jtran989/.ssh/true_id_rsa (/users/jtran989/.ssh/true_id_rsa)
Identity added: /users/jtran989/.ssh/true_id_rsa (/users/jtran989/.ssh/true_id_rsa)
Jacobi Time : 1.660483e-01
Relative Residual 1.000000e+00

Hybrid Jacobi Time : 1.428239e-01
Relative Residual 5.709132e-07
Wheeler Portable Batch System Epilogue
