Wheeler Portable Batch System Prologue
Job Id: 1734154.wheeler-sn.alliance.unm.edu
Username: jtran989
Job 1734154.wheeler-sn.alliance.unm.edu running on nodes:
wheeler048 wheeler047 wheeler046 wheeler042 

prologue running on host: wheeler048
Agent pid 600
Identity added: /users/jtran989/.ssh/true_id_rsa (/users/jtran989/.ssh/true_id_rsa)

trace: repart_relax
current program: repart_relax

bottleneck dir: optimal/
total num processes: 32
num nodes: 4
num processes per node: 8
Agent pid 31630
Identity added: /users/jtran989/.ssh/true_id_rsa (/users/jtran989/.ssh/true_id_rsa)
Agent pid 18952
Identity added: /users/jtran989/.ssh/true_id_rsa (/users/jtran989/.ssh/true_id_rsa)
Agent pid 12406
Identity added: /users/jtran989/.ssh/true_id_rsa (/users/jtran989/.ssh/true_id_rsa)
Jacobi Time : 7.185936e-04
Relative Residual 2.195095e+00

Hybrid Jacobi Time : 6.802082e-04
Relative Residual 1.182412e-01

Repartition Time : 5.453992e-02

Repartitioned Jacobi Time : 2.528906e-03
Relative Residual 1.487932e+00

Repartitioned Hybrid Jacobi Time : 2.419710e-03
Relative Residual 3.946693e-01
Wheeler Portable Batch System Epilogue
