Wheeler Portable Batch System Prologue
Job Id: 1734082.wheeler-sn.alliance.unm.edu
Username: jtran989
Job 1734082.wheeler-sn.alliance.unm.edu running on nodes:
wheeler289 wheeler283 wheeler249 wheeler138 

prologue running on host: wheeler289
Agent pid 2531
Identity added: /users/jtran989/.ssh/true_id_rsa (/users/jtran989/.ssh/true_id_rsa)

normal: repart_relax
current program: repart_relax

bottleneck dir: optimal/
total num processes: 32
num nodes: 4
num processes per node: 8
Agent pid 26144
Agent pid 2162
Agent pid 7950
Identity added: /users/jtran989/.ssh/true_id_rsa (/users/jtran989/.ssh/true_id_rsa)
Identity added: /users/jtran989/.ssh/true_id_rsa (/users/jtran989/.ssh/true_id_rsa)
Identity added: /users/jtran989/.ssh/true_id_rsa (/users/jtran989/.ssh/true_id_rsa)
Jacobi Time : 6.687641e-04
Relative Residual 1.711994e+00

Hybrid Jacobi Time : 6.582737e-04
Relative Residual 2.721935e-01

Repartition Time : 4.210138e-02

Repartitioned Jacobi Time : 2.346516e-03
Relative Residual 2.041789e+00

Repartitioned Hybrid Jacobi Time : 2.260923e-03
Relative Residual 8.890368e-01
Wheeler Portable Batch System Epilogue
