Wheeler Portable Batch System Prologue
Job Id: 1734109.wheeler-sn.alliance.unm.edu
Username: jtran989
Job 1734109.wheeler-sn.alliance.unm.edu running on nodes:
wheeler096 

prologue running on host: wheeler096
Agent pid 16084
Identity added: /users/jtran989/.ssh/true_id_rsa (/users/jtran989/.ssh/true_id_rsa)

profile: repart_relax
current program: repart_relax

bottleneck dir: optimal/
total num processes: 4
num nodes: 1
num processes per node: 8
Jacobi Time : 5.340576e-05
Relative Residual 4.475303e-02

Hybrid Jacobi Time : 6.771088e-05
Relative Residual 1.993348e-02

Repartition Time : 6.269693e-03

Repartitioned Jacobi Time : 5.650520e-05
Relative Residual 4.313445e-02

Repartitioned Hybrid Jacobi Time : 6.628036e-05
Relative Residual 1.797419e-02
Wheeler Portable Batch System Epilogue
