Wheeler Portable Batch System Prologue
Job Id: 1734145.wheeler-sn.alliance.unm.edu
Username: jtran989
Job 1734145.wheeler-sn.alliance.unm.edu running on nodes:
wheeler283 

prologue running on host: wheeler283
Agent pid 28453
Identity added: /users/jtran989/.ssh/true_id_rsa (/users/jtran989/.ssh/true_id_rsa)

trace: repart_relax
current program: repart_relax

bottleneck dir: optimal/
total num processes: 4
num nodes: 1
num processes per node: 8
Jacobi Time : 1.266003e-04
Relative Residual 4.054603e-02

Hybrid Jacobi Time : 1.289845e-04
Relative Residual 1.755570e-02

Repartition Time : 1.009440e-02

Repartitioned Jacobi Time : 1.492500e-04
Relative Residual 3.951339e-02

Repartitioned Hybrid Jacobi Time : 2.796650e-04
Relative Residual 1.667860e-02
Wheeler Portable Batch System Epilogue
