Wheeler Portable Batch System Prologue
Job Id: 1736386.wheeler-sn.alliance.unm.edu
Username: jtran989
Job 1736386.wheeler-sn.alliance.unm.edu running on nodes:
wheeler246 

prologue running on host: wheeler246
Agent pid 2732
Identity added: /users/jtran989/.ssh/true_id_rsa (/users/jtran989/.ssh/true_id_rsa)

normal: repart_relax
current program: repart_relax

bottleneck dir: optimal/
total num processes: 1
num nodes: 1
num processes per node: 8
Jacobi Time : 6.120205e-04
Relative Residual 1.143542e-02

Hybrid Jacobi Time : 1.224041e-03
Relative Residual 4.181250e-03

Repartition Time : 3.611326e-03

Repartitioned Jacobi Time : 5.161762e-04
Relative Residual 1.143542e-02

Repartitioned Hybrid Jacobi Time : 1.024246e-03
Relative Residual 4.181250e-03
Wheeler Portable Batch System Epilogue
