Wheeler Portable Batch System Prologue
Job Id: 1736516.wheeler-sn.alliance.unm.edu
Username: jtran989
Job 1736516.wheeler-sn.alliance.unm.edu running on nodes:
wheeler075 wheeler074 wheeler070 wheeler012 

prologue running on host: wheeler075
Agent pid 28846
Identity added: /users/jtran989/.ssh/true_id_rsa (/users/jtran989/.ssh/true_id_rsa)

profile: repart_relax
current matrix: nasa2146
current program: repart_relax

bottleneck dir: optimal/
total num processes: 32
num nodes: 4
num processes per node: 8
Agent pid 12335
Identity added: /users/jtran989/.ssh/true_id_rsa (/users/jtran989/.ssh/true_id_rsa)
Agent pid 11070
Identity added: /users/jtran989/.ssh/true_id_rsa (/users/jtran989/.ssh/true_id_rsa)
Agent pid 21682
Identity added: /users/jtran989/.ssh/true_id_rsa (/users/jtran989/.ssh/true_id_rsa)
Jacobi Time : 7.585049e-03
Relative Residual 5.099953e+14

Hybrid Jacobi Time : 7.314920e-03
Relative Residual 1.190450e+03

Repartition Time : 1.190968e-01

Repartitioned Jacobi Time : 7.892609e-03
Relative Residual 4.840074e+14

Repartitioned Hybrid Jacobi Time : 7.600307e-03
Relative Residual 3.308509e-01
Wheeler Portable Batch System Epilogue
