Wheeler Portable Batch System Prologue
Job Id: 1736538.wheeler-sn.alliance.unm.edu
Username: jtran989
Job 1736538.wheeler-sn.alliance.unm.edu running on nodes:
wheeler070 

prologue running on host: wheeler070
Agent pid 11727
Identity added: /users/jtran989/.ssh/true_id_rsa (/users/jtran989/.ssh/true_id_rsa)

trace: repart_relax
current matrix: Journals
current program: repart_relax

bottleneck dir: optimal/
total num processes: 8
num nodes: 1
num processes per node: 8
Jacobi Time : 1.305819e-03
Relative Residual 1.403715e+18

Hybrid Jacobi Time : 1.366615e-03
Relative Residual 4.565335e+07

Repartition Time : 1.955175e-02

Repartitioned Jacobi Time : 1.119375e-03
Relative Residual 1.430045e+18

Repartitioned Hybrid Jacobi Time : 1.196384e-03
Relative Residual 1.910842e+09
Wheeler Portable Batch System Epilogue
