Wheeler Portable Batch System Prologue
Job Id: 1734140.wheeler-sn.alliance.unm.edu
Username: jtran989
Job 1734140.wheeler-sn.alliance.unm.edu running on nodes:
wheeler033 

prologue running on host: wheeler033
Agent pid 781
Identity added: /users/jtran989/.ssh/true_id_rsa (/users/jtran989/.ssh/true_id_rsa)

profile: repart_relax
current program: repart_relax

bottleneck dir: optimal/
total num processes: 8
num nodes: 1
num processes per node: 8
Jacobi Time : 1.387596e-04
Relative Residual 5.829398e-04

Hybrid Jacobi Time : 8.773804e-05
Relative Residual 1.172486e-06

Repartition Time : 1.765251e-02

Repartitioned Jacobi Time : 1.072884e-04
Relative Residual 7.279074e-04

Repartitioned Hybrid Jacobi Time : 9.226799e-05
Relative Residual 1.056199e-04
Wheeler Portable Batch System Epilogue
