Wheeler Portable Batch System Prologue
Job Id: 1736481.wheeler-sn.alliance.unm.edu
Username: jtran989
Job 1736481.wheeler-sn.alliance.unm.edu running on nodes:
wheeler004 

prologue running on host: wheeler004
Agent pid 24020
Identity added: /users/jtran989/.ssh/true_id_rsa (/users/jtran989/.ssh/true_id_rsa)

normal: repart_relax
current matrix: nasa2146
current program: repart_relax

bottleneck dir: optimal/
total num processes: 2
num nodes: 1
num processes per node: 8
Jacobi Time : 1.603603e-03
Relative Residual 8.214489e+14

Hybrid Jacobi Time : 3.093481e-03
Relative Residual 5.246788e-03

Repartition Time : 1.979637e-02

Repartitioned Jacobi Time : 1.996994e-03
Relative Residual 9.113135e+14

Repartitioned Hybrid Jacobi Time : 3.292799e-03
Relative Residual 5.316983e-03
Wheeler Portable Batch System Epilogue
