Wheeler Portable Batch System Prologue
Job Id: 1717815.wheeler-sn.alliance.unm.edu
Username: jtran989
Job 1717815.wheeler-sn.alliance.unm.edu running on nodes:
wheeler153 wheeler137 wheeler007 wheeler006 wheeler001 

prologue running on host: wheeler153
Agent pid 20161
Identity added: /users/jtran989/.ssh/true_id_rsa (/users/jtran989/.ssh/true_id_rsa)

normal: relaxation
current program: relaxation

bottleneck dir: communication/
total num processes: 32
num nodes: 32
num processes per node: 1
Agent pid 9156
Identity added: /users/jtran989/.ssh/true_id_rsa (/users/jtran989/.ssh/true_id_rsa)
Agent pid 3755
Identity added: /users/jtran989/.ssh/true_id_rsa (/users/jtran989/.ssh/true_id_rsa)
Agent pid 3348
Identity added: /users/jtran989/.ssh/true_id_rsa (/users/jtran989/.ssh/true_id_rsa)
Agent pid 22011
Identity added: /users/jtran989/.ssh/true_id_rsa (/users/jtran989/.ssh/true_id_rsa)
Jacobi Time : 8.847165e-02
Relative Residual 1.000000e+00

Hybrid Jacobi Time : 9.051657e-02
Relative Residual 5.129306e-07
Wheeler Portable Batch System Epilogue
wheeler006: grep: tang: No such file or directory
wheeler153: grep: vmorley: No such file or directory
