Wheeler Portable Batch System Prologue
Job Id: 1710515.wheeler-sn.alliance.unm.edu
Username: jtran989
Job 1710515.wheeler-sn.alliance.unm.edu running on nodes:
wheeler269 wheeler074 

prologue running on host: wheeler269
Agent pid 7286
Identity added: /users/jtran989/.ssh/true_id_rsa (/users/jtran989/.ssh/true_id_rsa)

normal: relaxation
current program: relaxation

bottleneck dir: communication/
total num processes: 16
num nodes: 16
num processes per node: 1
Agent pid 4167
Identity added: /users/jtran989/.ssh/true_id_rsa (/users/jtran989/.ssh/true_id_rsa)
Jacobi Time : 7.560730e-02
Relative Residual 1.000000e+00

Hybrid Jacobi Time : 7.914090e-02
Relative Residual 6.008116e-09
Wheeler Portable Batch System Epilogue
