Wheeler Portable Batch System Prologue
Job Id: 1734091.wheeler-sn.alliance.unm.edu
Username: jtran989
Job 1734091.wheeler-sn.alliance.unm.edu running on nodes:
wheeler017 

prologue running on host: wheeler017
Agent pid 3806
Identity added: /users/jtran989/.ssh/true_id_rsa (/users/jtran989/.ssh/true_id_rsa)

normal: repart_relax
current program: repart_relax

bottleneck dir: optimal/
total num processes: 4
num nodes: 1
num processes per node: 8
Jacobi Time : 5.006790e-05
Relative Residual 1.045515e+03

Hybrid Jacobi Time : 5.364418e-05
Relative Residual 2.622336e+00

Repartition Time : 8.582592e-03

Repartitioned Jacobi Time : 3.552437e-05
Relative Residual 1.058960e+03

Repartitioned Hybrid Jacobi Time : 5.388260e-05
Relative Residual 1.775175e+00
Wheeler Portable Batch System Epilogue
