Wheeler Portable Batch System Prologue
Job Id: 1736388.wheeler-sn.alliance.unm.edu
Username: jtran989
Job 1736388.wheeler-sn.alliance.unm.edu running on nodes:
wheeler238 

prologue running on host: wheeler238
Agent pid 27519
Identity added: /users/jtran989/.ssh/true_id_rsa (/users/jtran989/.ssh/true_id_rsa)

normal: repart_relax
current program: repart_relax

bottleneck dir: optimal/
total num processes: 4
num nodes: 1
num processes per node: 8
Jacobi Time : 2.117157e-04
Relative Residual 1.069510e-02

Hybrid Jacobi Time : 3.430843e-04
Relative Residual 5.039619e-03

Repartition Time : 4.143238e-03

Repartitioned Jacobi Time : 2.040863e-04
Relative Residual 1.101207e-02

Repartitioned Hybrid Jacobi Time : 3.440380e-04
Relative Residual 4.706475e-03
Wheeler Portable Batch System Epilogue
