Wheeler Portable Batch System Prologue
Job Id: 1734168.wheeler-sn.alliance.unm.edu
Username: jtran989
Job 1734168.wheeler-sn.alliance.unm.edu running on nodes:
wheeler071 

prologue running on host: wheeler071
Agent pid 16946
Identity added: /users/jtran989/.ssh/true_id_rsa (/users/jtran989/.ssh/true_id_rsa)

trace: repart_relax
current program: repart_relax

bottleneck dir: optimal/
total num processes: 2
num nodes: 1
num processes per node: 8
Jacobi Time : 3.592968e-04
Relative Residual 4.835654e+01

Hybrid Jacobi Time : 5.466938e-04
Relative Residual 1.721243e-02

Repartition Time : 1.186228e-01

Repartitioned Jacobi Time : 3.013611e-04
Relative Residual 4.386681e+01

Repartitioned Hybrid Jacobi Time : 5.595684e-04
Relative Residual 1.783822e-02
Wheeler Portable Batch System Epilogue
