Wheeler Portable Batch System Prologue
Job Id: 1736420.wheeler-sn.alliance.unm.edu
Username: jtran989
Job 1736420.wheeler-sn.alliance.unm.edu running on nodes:
wheeler016 

prologue running on host: wheeler016
Agent pid 16354
Identity added: /users/jtran989/.ssh/true_id_rsa (/users/jtran989/.ssh/true_id_rsa)

trace: repart_relax
current matrix: gr_30_30
current program: repart_relax

bottleneck dir: optimal/
total num processes: 8
num nodes: 1
num processes per node: 8
Jacobi Time : 1.632833e-02
Relative Residual 4.878025e-06

Hybrid Jacobi Time : 3.876019e-02
Relative Residual 3.234857e-11

Repartition Time : 8.076191e-03

Repartitioned Jacobi Time : 4.777813e-02
Relative Residual 4.908663e-06

Repartitioned Hybrid Jacobi Time : 4.032159e-02
Relative Residual 2.079858e-12
Wheeler Portable Batch System Epilogue
