Wheeler Portable Batch System Prologue
Job Id: 1734123.wheeler-sn.alliance.unm.edu
Username: jtran989
Job 1734123.wheeler-sn.alliance.unm.edu running on nodes:
wheeler095 wheeler071 

prologue running on host: wheeler095
Agent pid 27034
Identity added: /users/jtran989/.ssh/true_id_rsa (/users/jtran989/.ssh/true_id_rsa)

profile: repart_relax
current program: repart_relax

bottleneck dir: optimal/
total num processes: 16
num nodes: 2
num processes per node: 8
Agent pid 15176
Identity added: /users/jtran989/.ssh/true_id_rsa (/users/jtran989/.ssh/true_id_rsa)
Jacobi Time : 9.281635e-04
Relative Residual 4.544777e+02

Hybrid Jacobi Time : 6.301403e-04
Relative Residual 2.452291e-01

Repartition Time : 4.282832e-02

Repartitioned Jacobi Time : 5.886555e-04
Relative Residual 5.238240e+02

Repartitioned Hybrid Jacobi Time : 6.113052e-04
Relative Residual 1.121798e+00
Wheeler Portable Batch System Epilogue
