Wheeler Portable Batch System Prologue
Job Id: 1717833.wheeler-sn.alliance.unm.edu
Username: jtran989
Job 1717833.wheeler-sn.alliance.unm.edu running on nodes:
wheeler137 wheeler124 wheeler060 wheeler059 

prologue running on host: wheeler137
Agent pid 25274
Identity added: /users/jtran989/.ssh/true_id_rsa (/users/jtran989/.ssh/true_id_rsa)

trace: relaxation
current program: relaxation

bottleneck dir: optimal/
total num processes: 32
num nodes: 4
num processes per node: 8
Agent pid 16545
Agent pid 16454
Identity added: /users/jtran989/.ssh/true_id_rsa (/users/jtran989/.ssh/true_id_rsa)
Identity added: /users/jtran989/.ssh/true_id_rsa (/users/jtran989/.ssh/true_id_rsa)
Agent pid 14689
Identity added: /users/jtran989/.ssh/true_id_rsa (/users/jtran989/.ssh/true_id_rsa)
Jacobi Time : 1.710656e-01
Relative Residual 1.000000e+00

Hybrid Jacobi Time : 2.600274e-01
Relative Residual 5.709132e-07
Wheeler Portable Batch System Epilogue
