Wheeler Portable Batch System Prologue
Job Id: 1734146.wheeler-sn.alliance.unm.edu
Username: jtran989
Job 1734146.wheeler-sn.alliance.unm.edu running on nodes:
wheeler249 

prologue running on host: wheeler249
Agent pid 10489
Identity added: /users/jtran989/.ssh/true_id_rsa (/users/jtran989/.ssh/true_id_rsa)

trace: repart_relax
current program: repart_relax

bottleneck dir: optimal/
total num processes: 8
num nodes: 1
num processes per node: 8
Jacobi Time : 1.137257e-04
Relative Residual 3.833864e-02

Hybrid Jacobi Time : 9.870529e-05
Relative Residual 2.060218e-02

Repartition Time : 1.030302e-02

Repartitioned Jacobi Time : 2.105236e-04
Relative Residual 3.596830e-02

Repartitioned Hybrid Jacobi Time : 1.885891e-04
Relative Residual 1.655504e-02
Wheeler Portable Batch System Epilogue
