Wheeler Portable Batch System Prologue
Job Id: 1734081.wheeler-sn.alliance.unm.edu
Username: jtran989
Job 1734081.wheeler-sn.alliance.unm.edu running on nodes:
wheeler023 wheeler018 

prologue running on host: wheeler023
Agent pid 10558
Identity added: /users/jtran989/.ssh/true_id_rsa (/users/jtran989/.ssh/true_id_rsa)

normal: repart_relax
current program: repart_relax

bottleneck dir: optimal/
total num processes: 16
num nodes: 2
num processes per node: 8
Agent pid 464
Identity added: /users/jtran989/.ssh/true_id_rsa (/users/jtran989/.ssh/true_id_rsa)
Jacobi Time : 3.876686e-04
Relative Residual 2.057236e+00

Hybrid Jacobi Time : 4.146099e-04
Relative Residual 1.663314e-01

Repartition Time : 1.316783e-01

Repartitioned Jacobi Time : 4.336834e-04
Relative Residual 2.073664e+00

Repartitioned Hybrid Jacobi Time : 4.069805e-04
Relative Residual 6.757868e-02
Wheeler Portable Batch System Epilogue
