Wheeler Portable Batch System Prologue
Job Id: 1736533.wheeler-sn.alliance.unm.edu
Username: jtran989
Job 1736533.wheeler-sn.alliance.unm.edu running on nodes:
wheeler083 wheeler082 

prologue running on host: wheeler083
Agent pid 8800
Identity added: /users/jtran989/.ssh/true_id_rsa (/users/jtran989/.ssh/true_id_rsa)

trace: repart_relax
current matrix: ex3
current program: repart_relax

bottleneck dir: optimal/
total num processes: 16
num nodes: 2
num processes per node: 8
Agent pid 1477
Identity added: /users/jtran989/.ssh/true_id_rsa (/users/jtran989/.ssh/true_id_rsa)
Jacobi Time : 3.180265e-03
Relative Residual 7.996280e+19

Hybrid Jacobi Time : 3.331423e-03
Relative Residual 2.472426e+02

Repartition Time : 4.452372e-02

Repartitioned Jacobi Time : 3.899574e-03
Relative Residual 3.425600e+19

Repartitioned Hybrid Jacobi Time : 3.943443e-03
Relative Residual 2.392231e+06
Wheeler Portable Batch System Epilogue
