Wheeler Portable Batch System Prologue
Job Id: 1734151.wheeler-sn.alliance.unm.edu
Username: jtran989
Job 1734151.wheeler-sn.alliance.unm.edu running on nodes:
wheeler110 

prologue running on host: wheeler110
Agent pid 21900
Identity added: /users/jtran989/.ssh/true_id_rsa (/users/jtran989/.ssh/true_id_rsa)

trace: repart_relax
current program: repart_relax

bottleneck dir: optimal/
total num processes: 4
num nodes: 1
num processes per node: 8
Jacobi Time : 1.211166e-04
Relative Residual 2.564386e+00

Hybrid Jacobi Time : 1.246929e-04
Relative Residual 6.633891e-02

Repartition Time : 8.877516e-03

Repartitioned Jacobi Time : 9.751320e-05
Relative Residual 2.586980e+00

Repartitioned Hybrid Jacobi Time : 9.894371e-05
Relative Residual 5.318422e-02
Wheeler Portable Batch System Epilogue
