Wheeler Portable Batch System Prologue
Job Id: 1734162.wheeler-sn.alliance.unm.edu
Username: jtran989
Job 1734162.wheeler-sn.alliance.unm.edu running on nodes:
wheeler135 

prologue running on host: wheeler135
Agent pid 12978
Identity added: /users/jtran989/.ssh/true_id_rsa (/users/jtran989/.ssh/true_id_rsa)

trace: repart_relax
current program: repart_relax

bottleneck dir: optimal/
total num processes: 2
num nodes: 1
num processes per node: 8
Jacobi Time : 9.679794e-05
Relative Residual 1.022619e+03

Hybrid Jacobi Time : 1.664162e-04
Relative Residual 3.312289e-02

Repartition Time : 1.841092e-02

Repartitioned Jacobi Time : 8.964539e-05
Relative Residual 1.149942e+03

Repartitioned Hybrid Jacobi Time : 1.180172e-04
Relative Residual 5.240897e-02
Wheeler Portable Batch System Epilogue
