Wheeler Portable Batch System Prologue
Job Id: 1736520.wheeler-sn.alliance.unm.edu
Username: jtran989
Job 1736520.wheeler-sn.alliance.unm.edu running on nodes:
wheeler011 

prologue running on host: wheeler011
Agent pid 5218
Identity added: /users/jtran989/.ssh/true_id_rsa (/users/jtran989/.ssh/true_id_rsa)

profile: repart_relax
current matrix: Trefethen_700
current program: repart_relax

bottleneck dir: optimal/
total num processes: 8
num nodes: 1
num processes per node: 8
Jacobi Time : 7.112026e-04
Relative Residual 1.069176e-05

Hybrid Jacobi Time : 7.107258e-04
Relative Residual 5.377931e-17

Repartition Time : 1.796341e-02

Repartitioned Jacobi Time : 6.809235e-04
Relative Residual 8.773764e-06

Repartitioned Hybrid Jacobi Time : 6.794930e-04
Relative Residual 2.862828e-08
Wheeler Portable Batch System Epilogue
