Wheeler Portable Batch System Prologue
Job Id: 1736408.wheeler-sn.alliance.unm.edu
Username: jtran989
Job 1736408.wheeler-sn.alliance.unm.edu running on nodes:
wheeler236 

prologue running on host: wheeler236
Agent pid 16709
Identity added: /users/jtran989/.ssh/true_id_rsa (/users/jtran989/.ssh/true_id_rsa)

normal: repart_relax
current matrix: gr_30_30
current program: repart_relax

bottleneck dir: optimal/
total num processes: 8
num nodes: 1
num processes per node: 8
Jacobi Time : 4.496098e-03
Relative Residual 4.466438e-06

Hybrid Jacobi Time : 6.888151e-03
Relative Residual 2.960559e-11

Repartition Time : 5.605698e-03

Repartitioned Jacobi Time : 5.424500e-03
Relative Residual 4.436211e-06

Repartitioned Hybrid Jacobi Time : 7.199049e-03
Relative Residual 1.921227e-12
Wheeler Portable Batch System Epilogue
