Wheeler Portable Batch System Prologue
Job Id: 1736521.wheeler-sn.alliance.unm.edu
Username: jtran989
Job 1736521.wheeler-sn.alliance.unm.edu running on nodes:
wheeler010 wheeler009 

prologue running on host: wheeler010
Agent pid 23502
Identity added: /users/jtran989/.ssh/true_id_rsa (/users/jtran989/.ssh/true_id_rsa)

profile: repart_relax
current matrix: Trefethen_700
current program: repart_relax

bottleneck dir: optimal/
total num processes: 16
num nodes: 2
num processes per node: 8
Agent pid 4173
Identity added: /users/jtran989/.ssh/true_id_rsa (/users/jtran989/.ssh/true_id_rsa)
Jacobi Time : 5.111933e-03
Relative Residual 1.277770e-05

Hybrid Jacobi Time : 5.129337e-03
Relative Residual 5.884431e-17

Repartition Time : 4.364181e-02

Repartitioned Jacobi Time : 6.373882e-03
Relative Residual 1.095954e-05

Repartitioned Hybrid Jacobi Time : 6.297827e-03
Relative Residual 9.892951e-07
Wheeler Portable Batch System Epilogue
