Wheeler Portable Batch System Prologue
Job Id: 1736545.wheeler-sn.alliance.unm.edu
Username: jtran989
Job 1736545.wheeler-sn.alliance.unm.edu running on nodes:
wheeler005 wheeler004 

prologue running on host: wheeler005
Agent pid 16212
Identity added: /users/jtran989/.ssh/true_id_rsa (/users/jtran989/.ssh/true_id_rsa)

trace: repart_relax
current matrix: nasa2146
current program: repart_relax

bottleneck dir: optimal/
total num processes: 16
num nodes: 2
num processes per node: 8
Agent pid 25303
Identity added: /users/jtran989/.ssh/true_id_rsa (/users/jtran989/.ssh/true_id_rsa)
Jacobi Time : 3.200054e-03
Relative Residual 6.212461e+14

Hybrid Jacobi Time : 3.399849e-03
Relative Residual 9.689254e-03

Repartition Time : 4.306507e-02

Repartitioned Jacobi Time : 3.664494e-03
Relative Residual 3.960653e+14

Repartitioned Hybrid Jacobi Time : 3.995180e-03
Relative Residual 7.116012e-03
Wheeler Portable Batch System Epilogue
