Wheeler Portable Batch System Prologue
Job Id: 1717832.wheeler-sn.alliance.unm.edu
Username: jtran989
Job 1717832.wheeler-sn.alliance.unm.edu running on nodes:
wheeler042 wheeler041 

prologue running on host: wheeler042
Agent pid 8789
Identity added: /users/jtran989/.ssh/true_id_rsa (/users/jtran989/.ssh/true_id_rsa)

trace: relaxation
current program: relaxation

bottleneck dir: optimal/
total num processes: 16
num nodes: 2
num processes per node: 8
Agent pid 5154
Identity added: /users/jtran989/.ssh/true_id_rsa (/users/jtran989/.ssh/true_id_rsa)
Jacobi Time : 7.308054e-02
Relative Residual 1.000000e+00

Hybrid Jacobi Time : 1.280408e-01
Relative Residual 5.828591e-09
Wheeler Portable Batch System Epilogue
