Wheeler Portable Batch System Prologue
Job Id: 1710533.wheeler-sn.alliance.unm.edu
Username: jtran989
Job 1710533.wheeler-sn.alliance.unm.edu running on nodes:
wheeler288 wheeler284 

prologue running on host: wheeler288
Agent pid 4944
Identity added: /users/jtran989/.ssh/true_id_rsa (/users/jtran989/.ssh/true_id_rsa)

trace: relaxation
current program: relaxation

bottleneck dir: optimal/
total num processes: 16
num nodes: 2
num processes per node: 8
Agent pid 12949
Identity added: /users/jtran989/.ssh/true_id_rsa (/users/jtran989/.ssh/true_id_rsa)
Jacobi Time : 8.979869e-02
Relative Residual 1.000000e+00

Hybrid Jacobi Time : 1.324613e-01
Relative Residual 4.705094e-09
Wheeler Portable Batch System Epilogue
