Wheeler Portable Batch System Prologue
Job Id: 1736391.wheeler-sn.alliance.unm.edu
Username: jtran989
Job 1736391.wheeler-sn.alliance.unm.edu running on nodes:
wheeler231 wheeler229 wheeler228 wheeler225 

prologue running on host: wheeler231
Agent pid 6227
Identity added: /users/jtran989/.ssh/true_id_rsa (/users/jtran989/.ssh/true_id_rsa)

normal: repart_relax
current program: repart_relax

bottleneck dir: optimal/
total num processes: 32
num nodes: 4
num processes per node: 8
Agent pid 30303
Agent pid 6720
Identity added: /users/jtran989/.ssh/true_id_rsa (/users/jtran989/.ssh/true_id_rsa)
Identity added: /users/jtran989/.ssh/true_id_rsa (/users/jtran989/.ssh/true_id_rsa)
Agent pid 1213
Identity added: /users/jtran989/.ssh/true_id_rsa (/users/jtran989/.ssh/true_id_rsa)
Jacobi Time : 3.723621e-03
Relative Residual 1.377302e-02

Hybrid Jacobi Time : 3.058672e-03
Relative Residual 1.124452e-02

Repartition Time : 4.835033e-02

Repartitioned Jacobi Time : 6.007671e-03
Relative Residual 1.371616e-02

Repartitioned Hybrid Jacobi Time : 6.006718e-03
Relative Residual 9.758024e-03
Wheeler Portable Batch System Epilogue
