Wheeler Portable Batch System Prologue
Job Id: 1736500.wheeler-sn.alliance.unm.edu
Username: jtran989
Job 1736500.wheeler-sn.alliance.unm.edu running on nodes:
wheeler009 

prologue running on host: wheeler009
Agent pid 3702
Identity added: /users/jtran989/.ssh/true_id_rsa (/users/jtran989/.ssh/true_id_rsa)

profile: repart_relax
current matrix: ex3
current program: repart_relax

bottleneck dir: optimal/
total num processes: 2
num nodes: 1
num processes per node: 8
Jacobi Time : 1.416206e-03
Relative Residual 1.794938e+19

Hybrid Jacobi Time : 2.524614e-03
Relative Residual 3.378821e-03

Repartition Time : 4.790282e-02

Repartitioned Jacobi Time : 1.350880e-03
Relative Residual 2.755779e+19

Repartitioned Hybrid Jacobi Time : 2.498627e-03
Relative Residual 3.135922e-03
Wheeler Portable Batch System Epilogue
