Wheeler Portable Batch System Prologue
Job Id: 1736487.wheeler-sn.alliance.unm.edu
Username: jtran989
Job 1736487.wheeler-sn.alliance.unm.edu running on nodes:
wheeler223 

prologue running on host: wheeler223
Agent pid 1260
Identity added: /users/jtran989/.ssh/true_id_rsa (/users/jtran989/.ssh/true_id_rsa)

normal: repart_relax
current matrix: Trefethen_700
current program: repart_relax

bottleneck dir: optimal/
total num processes: 2
num nodes: 1
num processes per node: 8
Jacobi Time : 3.886223e-04
Relative Residual 1.156209e-05

Hybrid Jacobi Time : 7.514954e-04
Relative Residual 5.813767e-17

Repartition Time : 5.269527e-03

Repartitioned Jacobi Time : 4.403591e-04
Relative Residual 1.150559e-05

Repartitioned Hybrid Jacobi Time : 6.861687e-04
Relative Residual 9.010731e-15
Wheeler Portable Batch System Epilogue
