Wheeler Portable Batch System Prologue
Job Id: 1736523.wheeler-sn.alliance.unm.edu
Username: jtran989
Job 1736523.wheeler-sn.alliance.unm.edu running on nodes:
wheeler004 

prologue running on host: wheeler004
Agent pid 24875
Identity added: /users/jtran989/.ssh/true_id_rsa (/users/jtran989/.ssh/true_id_rsa)

trace: repart_relax
current matrix: bcsstm07
current program: repart_relax

bottleneck dir: optimal/
total num processes: 1
num nodes: 1
num processes per node: 8
Jacobi Time : 6.489754e-04
Relative Residual 9.684833e+03

Hybrid Jacobi Time : 1.151800e-03
Relative Residual 4.103739e-04

Repartition Time : 2.004123e-02

Repartitioned Jacobi Time : 3.912449e-04
Relative Residual 9.684833e+03

Repartitioned Hybrid Jacobi Time : 7.555485e-04
Relative Residual 4.103739e-04
Wheeler Portable Batch System Epilogue
